2026-01-13 10:11:13,986 - __main__ - INFO - ============================================================
2026-01-13 10:11:13,990 - __main__ - INFO - DAILY SCRAPER - Collecting active job listings
2026-01-13 10:11:13,990 - __main__ - INFO - ============================================================
2026-01-13 10:11:13,991 - __main__ - ERROR - Daily script not found: /Users/charleslai/Library/CloudStorage/OneDrive-MassachusettsInstituteofTechnology/ShortList.ai/Charlie's Work/test_cambridge.py
2026-01-21 10:17:47,382 - __main__ - INFO - ============================================================
2026-01-21 10:17:47,405 - __main__ - INFO - DAILY SCRAPER - Collecting active job listings
2026-01-21 10:17:47,406 - __main__ - INFO - ============================================================
2026-01-21 10:17:47,406 - __main__ - INFO - Step 1/2: Running Cambridge Area Jobs Collector...
2026-01-21 10:47:47,475 - __main__ - ERROR - Cambridge collector timed out after 30 minutes
2026-01-21 10:47:47,485 - __main__ - INFO - Step 2/2: Running Nationwide Jobs Collector...
2026-01-21 11:12:15,221 - __main__ - ERROR - Nationwide collector failed with code -15
2026-01-21 11:12:15,232 - __main__ - ERROR - Daily scraper completed with errors. Log: /Users/charleslai/Library/CloudStorage/OneDrive-MassachusettsInstituteofTechnology/ShortList.ai/Charlie's Work/logs/daily_20260121_101747.log
2026-01-22 06:01:56,007 - __main__ - INFO - ============================================================
2026-01-22 06:01:56,009 - __main__ - INFO - DAILY SCRAPER - Collecting active job listings
2026-01-22 06:01:56,009 - __main__ - INFO - ============================================================
2026-01-22 06:01:56,010 - __main__ - INFO - Step 1/2: Running Cambridge Area Jobs Collector...
2026-01-22 09:36:18,227 - __main__ - INFO - Cambridge collector completed successfully
2026-01-22 09:36:18,230 - __main__ - INFO - Step 2/2: Running Nationwide Jobs Collector...
2026-01-22 11:00:50,851 - __main__ - ERROR - Nationwide collector timed out after 60 minutes
2026-01-22 11:00:50,861 - __main__ - ERROR - Daily scraper completed with errors. Log: /Users/charleslai/Library/CloudStorage/OneDrive-MassachusettsInstituteofTechnology/ShortList.ai/Charlie's Work/logs/daily_20260122_060156.log
2026-01-28 06:04:30,892 - __main__ - INFO - ============================================================
2026-01-28 06:04:30,895 - __main__ - INFO - DAILY SCRAPER - Collecting active job listings
2026-01-28 06:04:30,895 - __main__ - INFO - ============================================================
2026-01-28 06:04:30,896 - __main__ - INFO - Step 1/2: Running Cambridge Area Jobs Collector...
2026-01-28 10:17:25,264 - __main__ - INFO - Cambridge collector completed successfully
2026-01-28 10:17:25,270 - __main__ - INFO - Step 2/2: Running Nationwide Jobs Collector...
2026-01-29 06:07:34,247 - __main__ - INFO - ============================================================
2026-01-29 06:07:34,251 - __main__ - INFO - DAILY SCRAPER - Collecting active job listings
2026-01-29 06:07:34,251 - __main__ - INFO - ============================================================
2026-01-29 06:07:34,251 - __main__ - INFO - Step 1/2: Running Cambridge Area Jobs Collector...
2026-01-29 09:57:35,708 - __main__ - INFO - Cambridge collector completed successfully
2026-01-29 09:57:35,711 - __main__ - INFO - Step 2/2: Running Nationwide Jobs Collector...
2026-01-29 11:06:26,969 - __main__ - ERROR - Nationwide collector timed out after 60 minutes
2026-01-29 11:06:26,983 - __main__ - ERROR - Daily scraper completed with errors. Log: /Users/charleslai/Library/CloudStorage/OneDrive-MassachusettsInstituteofTechnology/ShortList.ai/Charlie's Work/logs/daily_20260129_060734.log
2026-01-30 06:12:57,689 - __main__ - INFO - ============================================================
2026-01-30 06:12:57,692 - __main__ - INFO - DAILY SCRAPER - Collecting active job listings
2026-01-30 06:12:57,692 - __main__ - INFO - ============================================================
2026-01-30 06:12:57,692 - __main__ - INFO - Step 1/2: Running Cambridge Area Jobs Collector...
2026-01-30 10:20:06,508 - __main__ - INFO - Cambridge collector completed successfully
2026-01-30 10:20:06,511 - __main__ - INFO - Step 2/2: Running Nationwide Jobs Collector...
