2026-01-09 16:03:33,087 - unlisted_jobs_collector - INFO - Connected to database: cambridge_jobs.db
2026-01-09 16:03:33,093 - unlisted_jobs_collector - INFO - Unlisted jobs schema created/verified
2026-01-09 16:07:34,070 - unlisted_jobs_collector - INFO - Connected to database: cambridge_jobs.db
2026-01-09 16:07:34,072 - unlisted_jobs_collector - INFO - Unlisted jobs schema created/verified
2026-01-09 16:07:40,359 - __main__ - INFO - Connected to database: cambridge_jobs.db
2026-01-09 16:07:40,360 - __main__ - INFO - Unlisted jobs schema created/verified
2026-01-09 16:07:40,360 - __main__ - INFO - Searching for nonprofits in Cambridge, MA
2026-01-09 16:07:41,637 - __main__ - ERROR - ProPublica API error: 404
2026-01-09 16:07:41,640 - __main__ - INFO - No stale jobs found to mark as filled
2026-01-09 16:15:43,241 - __main__ - INFO - Connected to database: cambridge_jobs.db
2026-01-09 16:15:43,242 - __main__ - INFO - Unlisted jobs schema created/verified
2026-01-09 16:15:43,242 - __main__ - INFO - Fetching BLS OEWS data for area: 25-71650
2026-01-09 16:15:46,022 - __main__ - INFO - Retrieved 0 BLS occupation estimates
2026-01-09 16:15:46,024 - __main__ - INFO - Searching for nonprofits in Cambridge, MA
2026-01-09 16:15:47,402 - __main__ - INFO - Found 25 nonprofits in Cambridge, MA
2026-01-09 16:16:29,757 - __main__ - WARNING - Could not fetch details for EIN 043314347: 404
2026-01-09 16:16:33,284 - __main__ - WARNING - Could not fetch details for EIN 043265908: 404
2026-01-09 16:16:42,017 - __main__ - INFO - Fetching Massachusetts state payroll data...
2026-01-09 16:16:43,298 - __main__ - ERROR - MA Payroll API error: 404
2026-01-09 16:16:43,298 - __main__ - INFO - Using backup data source for MA payroll...
2026-01-09 16:16:43,304 - __main__ - INFO - No stale jobs found to mark as filled
2026-01-09 16:32:59,364 - __main__ - INFO - Connected to database: cambridge_jobs.db
2026-01-09 16:32:59,366 - __main__ - INFO - Unlisted jobs schema created/verified
2026-01-09 16:32:59,366 - __main__ - INFO - Fetching BLS OEWS data for area: 25-71650
2026-01-09 16:33:02,175 - __main__ - INFO - Retrieved 0 BLS occupation estimates
2026-01-09 16:33:02,175 - __main__ - INFO - Searching for nonprofits in Cambridge, MA
2026-01-09 16:33:03,478 - __main__ - INFO - Found 25 nonprofits in Cambridge, MA
2026-01-09 16:33:44,329 - __main__ - WARNING - Could not fetch details for EIN 043314347: 404
2026-01-09 16:33:47,528 - __main__ - WARNING - Could not fetch details for EIN 043265908: 404
2026-01-09 16:33:56,304 - __main__ - INFO - Fetching Massachusetts state payroll data...
2026-01-09 16:33:57,682 - __main__ - ERROR - MA Payroll API error: 404
2026-01-09 16:33:57,682 - __main__ - INFO - Using backup data source for MA payroll...
2026-01-09 16:33:57,689 - __main__ - INFO - No stale jobs found to mark as filled
2026-01-09 16:45:24,614 - __main__ - INFO - Connected to database: cambridge_jobs.db
2026-01-09 16:45:24,616 - __main__ - INFO - Unlisted jobs schema created/verified
2026-01-09 16:45:24,616 - __main__ - INFO - Fetching BLS OEWS data for Boston-Cambridge area...
2026-01-09 16:45:25,741 - __main__ - WARNING - Could not fetch BLS page: 403
2026-01-09 16:45:25,742 - __main__ - INFO - Using compiled BLS data: 23 occupations, total employment: 628,630
2026-01-09 16:51:16,814 - __main__ - INFO - Connected to database: cambridge_jobs.db
2026-01-09 16:51:16,818 - __main__ - INFO - Unlisted jobs schema created/verified
2026-01-09 16:51:16,818 - __main__ - INFO - Fetching BLS OEWS data for Boston-Cambridge area...
2026-01-09 16:51:17,919 - __main__ - WARNING - Could not fetch BLS page: 403
2026-01-09 16:51:17,919 - __main__ - INFO - Using compiled BLS data: 23 occupations, total employment: 628,630
2026-01-09 16:51:17,921 - __main__ - INFO - Fetching Massachusetts state payroll data...
2026-01-09 16:51:19,110 - __main__ - ERROR - MA Payroll API error: 404
2026-01-09 16:51:19,110 - __main__ - INFO - Using backup data source for MA payroll...
2026-01-09 16:51:19,112 - __main__ - INFO - Fetching Cambridge city payroll data...
2026-01-09 16:51:20,726 - __main__ - ERROR - Cambridge API error: 400
2026-01-09 16:51:20,727 - __main__ - INFO - Using backup Cambridge city data...
2026-01-09 16:51:20,731 - __main__ - INFO - No stale jobs found to mark as filled
2026-01-09 16:54:06,484 - __main__ - INFO - Connected to database: cambridge_jobs.db
2026-01-09 16:54:06,486 - __main__ - INFO - Unlisted jobs schema created/verified
2026-01-09 16:54:06,486 - __main__ - INFO - Fetching BLS OEWS data for Boston-Cambridge area...
2026-01-09 16:54:07,727 - __main__ - WARNING - Could not fetch BLS page: 403
2026-01-09 16:54:07,727 - __main__ - INFO - Using compiled BLS data: 23 occupations, total employment: 628,630
2026-01-09 16:54:07,732 - __main__ - INFO - Searching for nonprofits in Cambridge, MA
2026-01-09 16:54:08,951 - __main__ - INFO - Found 25 nonprofits in Cambridge, MA
2026-01-09 16:54:48,680 - __main__ - WARNING - Could not fetch details for EIN 043314347: 404
2026-01-09 16:54:51,908 - __main__ - WARNING - Could not fetch details for EIN 043265908: 404
2026-01-09 16:55:00,483 - __main__ - INFO - Fetching Massachusetts state payroll data...
2026-01-09 16:55:01,815 - __main__ - ERROR - MA Payroll API error: 404
2026-01-09 16:55:01,815 - __main__ - INFO - Using backup data source for MA payroll...
2026-01-09 16:55:01,818 - __main__ - INFO - Fetching Cambridge city payroll data...
2026-01-09 16:55:03,279 - __main__ - ERROR - Cambridge API error: 400
2026-01-09 16:55:03,279 - __main__ - INFO - Using backup Cambridge city data...
2026-01-09 16:55:03,287 - __main__ - INFO - No stale jobs found to mark as filled
2026-01-09 16:55:46,158 - __main__ - INFO - Connected to database: cambridge_jobs.db
2026-01-09 16:55:46,159 - __main__ - INFO - Unlisted jobs schema created/verified
2026-01-09 16:55:46,159 - __main__ - INFO - Fetching BLS OEWS data for Boston-Cambridge area...
2026-01-09 16:55:47,371 - __main__ - WARNING - Could not fetch BLS page: 403
2026-01-09 16:55:47,371 - __main__ - INFO - Using compiled BLS data: 23 occupations, total employment: 628,630
2026-01-09 16:55:47,376 - __main__ - INFO - Searching for nonprofits in Cambridge, MA
2026-01-09 16:55:48,564 - __main__ - INFO - Found 25 nonprofits in Cambridge, MA
2026-01-09 16:56:28,453 - __main__ - WARNING - Could not fetch details for EIN 043314347: 404
2026-01-09 16:56:31,681 - __main__ - WARNING - Could not fetch details for EIN 043265908: 404
2026-01-09 16:56:40,275 - __main__ - INFO - Fetching Massachusetts state payroll data...
2026-01-09 16:56:41,509 - __main__ - ERROR - MA Payroll API error: 404
2026-01-09 16:56:41,509 - __main__ - INFO - Using backup data source for MA payroll...
2026-01-09 16:56:41,514 - __main__ - INFO - Fetching Cambridge city payroll data...
2026-01-09 16:56:42,863 - __main__ - ERROR - Cambridge API error: 400
2026-01-09 16:56:42,864 - __main__ - INFO - Using backup Cambridge city data...
2026-01-09 16:56:42,874 - __main__ - INFO - No stale jobs found to mark as filled
2026-01-09 16:56:43,040 - __main__ - INFO - Connected to database: cambridge_jobs.db
2026-01-09 16:56:43,050 - __main__ - INFO - Exported unlisted jobs to unlisted_jobs.csv
