2026-01-12 14:38:03,439 - INFO - Database pool initialized: jobs_comprehensive
2026-01-12 14:38:03,440 - INFO - Loaded 45 canonical roles from database
2026-01-12 14:38:03,443 - INFO - ============================================================
2026-01-12 14:38:03,443 - INFO - H-1B DATA INGESTION PIPELINE
2026-01-12 14:38:03,443 - INFO - ============================================================
2026-01-12 14:38:03,443 - INFO - Year: 2024
2026-01-12 14:38:03,443 - INFO - Limit: None (all records)
2026-01-12 14:38:03,443 - INFO - 
2026-01-12 14:38:03,443 - INFO - Step 1: Fetching H-1B data...
2026-01-12 14:38:03,443 - INFO - Loading H-1B data from cache: ./data/h1b_cache/h1b_2024.xlsx
2026-01-12 14:38:55,795 - INFO - Loaded 120897 H-1B records for 2024
2026-01-12 14:38:55,859 - INFO - ✓ Fetched 120897 records
2026-01-12 14:38:55,859 - INFO - 
Step 2: Converting to standard format...
2026-01-12 14:39:00,730 - INFO - Converted 110162 H-1B records to standard format
2026-01-12 14:39:00,770 - INFO - ✓ Converted 110162 certified records
2026-01-12 14:39:00,770 - INFO - 
Step 3: Ingesting into database...
2026-01-12 14:39:00,956 - INFO -   Processing record 100/110162...
2026-01-12 14:39:01,048 - INFO -   Processing record 200/110162...
2026-01-12 14:39:01,140 - INFO -   Processing record 300/110162...
2026-01-12 14:39:01,230 - INFO -   Processing record 400/110162...
2026-01-12 14:39:01,324 - INFO -   Processing record 500/110162...
2026-01-12 14:39:01,416 - INFO -   Processing record 600/110162...
2026-01-12 14:39:01,496 - INFO -   Processing record 700/110162...
2026-01-12 14:39:01,580 - INFO -   Processing record 800/110162...
2026-01-12 14:39:01,665 - INFO -   Processing record 900/110162...
2026-01-12 14:39:01,749 - INFO -   Processing record 1000/110162...
2026-01-12 14:39:01,836 - INFO -   Processing record 1100/110162...
2026-01-12 14:39:01,925 - INFO -   Processing record 1200/110162...
2026-01-12 14:39:02,012 - INFO -   Processing record 1300/110162...
2026-01-12 14:39:02,100 - INFO -   Processing record 1400/110162...
2026-01-12 14:39:02,188 - INFO -   Processing record 1500/110162...
2026-01-12 14:39:02,279 - INFO -   Processing record 1600/110162...
2026-01-12 14:39:02,374 - INFO -   Processing record 1700/110162...
2026-01-12 14:39:02,464 - INFO -   Processing record 1800/110162...
2026-01-12 14:39:02,559 - INFO -   Processing record 1900/110162...
2026-01-12 14:39:02,647 - INFO -   Processing record 2000/110162...
2026-01-12 14:39:02,837 - INFO -   Processing record 2100/110162...
2026-01-12 14:39:02,963 - INFO -   Processing record 2200/110162...
2026-01-12 14:39:03,075 - INFO -   Processing record 2300/110162...
2026-01-12 14:39:03,182 - INFO -   Processing record 2400/110162...
2026-01-12 14:39:03,274 - INFO -   Processing record 2500/110162...
2026-01-12 14:39:03,376 - INFO -   Processing record 2600/110162...
2026-01-12 14:39:03,474 - INFO -   Processing record 2700/110162...
2026-01-12 14:39:03,602 - INFO -   Processing record 2800/110162...
2026-01-12 14:39:03,692 - INFO -   Processing record 2900/110162...
2026-01-12 14:39:03,796 - INFO -   Processing record 3000/110162...
2026-01-12 14:39:03,898 - INFO -   Processing record 3100/110162...
2026-01-12 14:39:03,992 - INFO -   Processing record 3200/110162...
2026-01-12 14:39:04,088 - INFO -   Processing record 3300/110162...
2026-01-12 14:39:04,181 - INFO -   Processing record 3400/110162...
2026-01-12 14:39:04,278 - INFO -   Processing record 3500/110162...
2026-01-12 14:39:04,381 - INFO -   Processing record 3600/110162...
2026-01-12 14:39:04,677 - INFO -   Processing record 3700/110162...
2026-01-12 14:39:04,830 - INFO -   Processing record 3800/110162...
2026-01-12 14:39:04,980 - INFO -   Processing record 3900/110162...
2026-01-12 14:39:05,136 - INFO -   Processing record 4000/110162...
2026-01-12 14:39:05,289 - INFO -   Processing record 4100/110162...
2026-01-12 14:39:05,437 - INFO -   Processing record 4200/110162...
2026-01-12 14:39:05,579 - INFO -   Processing record 4300/110162...
2026-01-12 14:39:05,764 - INFO -   Processing record 4400/110162...
2026-01-12 14:39:05,939 - INFO -   Processing record 4500/110162...
2026-01-12 14:39:06,103 - INFO -   Processing record 4600/110162...
2026-01-12 14:39:06,252 - INFO -   Processing record 4700/110162...
2026-01-12 14:39:06,394 - INFO -   Processing record 4800/110162...
2026-01-12 14:39:06,541 - INFO -   Processing record 4900/110162...
2026-01-12 14:39:06,700 - INFO -   Processing record 5000/110162...
2026-01-12 14:39:06,854 - INFO -   Processing record 5100/110162...
2026-01-12 14:39:06,995 - INFO -   Processing record 5200/110162...
2026-01-12 14:39:07,137 - INFO -   Processing record 5300/110162...
2026-01-12 14:39:07,286 - INFO -   Processing record 5400/110162...
2026-01-12 14:39:07,419 - INFO -   Processing record 5500/110162...
2026-01-12 14:39:07,557 - INFO -   Processing record 5600/110162...
2026-01-12 14:39:07,692 - INFO -   Processing record 5700/110162...
2026-01-12 14:39:07,836 - INFO -   Processing record 5800/110162...
2026-01-12 14:39:07,978 - INFO -   Processing record 5900/110162...
2026-01-12 14:39:08,124 - INFO -   Processing record 6000/110162...
2026-01-12 14:39:08,271 - INFO -   Processing record 6100/110162...
2026-01-12 14:39:08,423 - INFO -   Processing record 6200/110162...
2026-01-12 14:39:08,576 - INFO -   Processing record 6300/110162...
2026-01-12 14:39:08,728 - INFO -   Processing record 6400/110162...
2026-01-12 14:39:08,888 - INFO -   Processing record 6500/110162...
2026-01-12 14:39:09,041 - INFO -   Processing record 6600/110162...
2026-01-12 14:39:09,207 - INFO -   Processing record 6700/110162...
2026-01-12 14:39:09,370 - INFO -   Processing record 6800/110162...
2026-01-12 14:39:09,531 - INFO -   Processing record 6900/110162...
2026-01-12 14:39:09,693 - INFO -   Processing record 7000/110162...
2026-01-12 14:39:09,864 - INFO -   Processing record 7100/110162...
2026-01-12 14:39:10,028 - INFO -   Processing record 7200/110162...
2026-01-12 14:39:10,252 - INFO -   Processing record 7300/110162...
2026-01-12 14:39:10,416 - INFO -   Processing record 7400/110162...
2026-01-12 14:39:10,579 - INFO -   Processing record 7500/110162...
2026-01-12 14:39:10,741 - INFO -   Processing record 7600/110162...
2026-01-12 14:39:10,913 - INFO -   Processing record 7700/110162...
2026-01-12 14:39:11,088 - INFO -   Processing record 7800/110162...
2026-01-12 14:39:11,279 - INFO -   Processing record 7900/110162...
2026-01-12 14:39:11,442 - INFO -   Processing record 8000/110162...
2026-01-12 14:39:11,624 - INFO -   Processing record 8100/110162...
2026-01-12 14:39:11,791 - INFO -   Processing record 8200/110162...
2026-01-12 14:39:11,966 - INFO -   Processing record 8300/110162...
2026-01-12 14:39:12,151 - INFO -   Processing record 8400/110162...
2026-01-12 14:39:12,334 - INFO -   Processing record 8500/110162...
2026-01-12 14:39:12,499 - INFO -   Processing record 8600/110162...
2026-01-12 14:39:12,721 - INFO -   Processing record 8700/110162...
2026-01-12 14:39:12,887 - INFO -   Processing record 8800/110162...
2026-01-12 14:39:13,060 - INFO -   Processing record 8900/110162...
2026-01-12 14:39:13,240 - INFO -   Processing record 9000/110162...
2026-01-12 14:39:13,410 - INFO -   Processing record 9100/110162...
2026-01-12 14:39:13,605 - INFO -   Processing record 9200/110162...
2026-01-12 14:39:13,801 - INFO -   Processing record 9300/110162...
2026-01-12 14:39:13,977 - INFO -   Processing record 9400/110162...
2026-01-12 14:39:14,215 - INFO -   Processing record 9500/110162...
2026-01-12 14:39:14,375 - INFO -   Processing record 9600/110162...
2026-01-12 14:39:14,546 - INFO -   Processing record 9700/110162...
2026-01-12 14:39:14,769 - INFO -   Processing record 9800/110162...
2026-01-12 14:39:14,939 - INFO -   Processing record 9900/110162...
2026-01-12 14:39:15,113 - INFO -   Processing record 10000/110162...
2026-01-12 14:39:15,283 - INFO -   Processing record 10100/110162...
2026-01-12 14:39:15,459 - INFO -   Processing record 10200/110162...
2026-01-12 14:39:15,649 - INFO -   Processing record 10300/110162...
2026-01-12 14:39:15,858 - INFO -   Processing record 10400/110162...
2026-01-12 14:39:15,972 - INFO -   Processing record 10500/110162...
2026-01-12 14:39:16,061 - INFO -   Processing record 10600/110162...
2026-01-12 14:39:16,149 - INFO -   Processing record 10700/110162...
2026-01-12 14:39:16,283 - INFO -   Processing record 10800/110162...
2026-01-12 14:39:16,371 - INFO -   Processing record 10900/110162...
2026-01-12 14:39:16,466 - INFO -   Processing record 11000/110162...
2026-01-12 14:39:16,548 - INFO -   Processing record 11100/110162...
2026-01-12 14:39:16,634 - INFO -   Processing record 11200/110162...
2026-01-12 14:39:16,720 - INFO -   Processing record 11300/110162...
2026-01-12 14:39:16,841 - INFO -   Processing record 11400/110162...
2026-01-12 14:39:16,925 - INFO -   Processing record 11500/110162...
2026-01-12 14:39:17,007 - INFO -   Processing record 11600/110162...
2026-01-12 14:39:17,092 - INFO -   Processing record 11700/110162...
2026-01-12 14:39:17,180 - INFO -   Processing record 11800/110162...
2026-01-12 14:39:17,268 - INFO -   Processing record 11900/110162...
2026-01-12 14:39:17,349 - INFO -   Processing record 12000/110162...
2026-01-12 14:39:17,426 - INFO -   Processing record 12100/110162...
2026-01-12 14:39:17,505 - INFO -   Processing record 12200/110162...
2026-01-12 14:39:17,587 - INFO -   Processing record 12300/110162...
2026-01-12 14:39:17,697 - INFO -   Processing record 12400/110162...
2026-01-12 14:39:17,778 - INFO -   Processing record 12500/110162...
2026-01-12 14:39:17,857 - INFO -   Processing record 12600/110162...
2026-01-12 14:39:17,939 - INFO -   Processing record 12700/110162...
2026-01-12 14:39:18,022 - INFO -   Processing record 12800/110162...
2026-01-12 14:39:18,107 - INFO -   Processing record 12900/110162...
2026-01-12 14:39:18,190 - INFO -   Processing record 13000/110162...
2026-01-12 14:39:18,332 - INFO -   Processing record 13100/110162...
2026-01-12 14:39:18,408 - INFO -   Processing record 13200/110162...
2026-01-12 14:39:18,491 - INFO -   Processing record 13300/110162...
2026-01-12 14:39:18,577 - INFO -   Processing record 13400/110162...
2026-01-12 14:39:18,659 - INFO -   Processing record 13500/110162...
2026-01-12 14:39:18,735 - INFO -   Processing record 13600/110162...
2026-01-12 14:39:18,819 - INFO -   Processing record 13700/110162...
2026-01-12 14:39:18,907 - INFO -   Processing record 13800/110162...
2026-01-12 14:39:18,996 - INFO -   Processing record 13900/110162...
2026-01-12 14:39:19,095 - INFO -   Processing record 14000/110162...
2026-01-12 14:39:19,196 - INFO -   Processing record 14100/110162...
2026-01-12 14:39:19,292 - INFO -   Processing record 14200/110162...
2026-01-12 14:39:19,388 - INFO -   Processing record 14300/110162...
2026-01-12 14:39:19,474 - INFO -   Processing record 14400/110162...
2026-01-12 14:39:19,572 - INFO -   Processing record 14500/110162...
2026-01-12 14:39:19,683 - INFO -   Processing record 14600/110162...
2026-01-12 14:39:19,772 - INFO -   Processing record 14700/110162...
2026-01-12 14:39:19,854 - INFO -   Processing record 14800/110162...
2026-01-12 14:39:19,938 - INFO -   Processing record 14900/110162...
2026-01-12 14:39:20,034 - INFO -   Processing record 15000/110162...
2026-01-12 14:39:20,128 - INFO -   Processing record 15100/110162...
2026-01-12 14:39:20,218 - INFO -   Processing record 15200/110162...
2026-01-12 14:39:20,306 - INFO -   Processing record 15300/110162...
2026-01-12 14:39:20,405 - INFO -   Processing record 15400/110162...
2026-01-12 14:39:20,497 - INFO -   Processing record 15500/110162...
2026-01-12 14:39:20,582 - INFO -   Processing record 15600/110162...
2026-01-12 14:39:20,674 - INFO -   Processing record 15700/110162...
2026-01-12 14:39:20,764 - INFO -   Processing record 15800/110162...
2026-01-12 14:39:20,861 - INFO -   Processing record 15900/110162...
2026-01-12 14:39:20,945 - INFO -   Processing record 16000/110162...
2026-01-12 14:39:21,032 - INFO -   Processing record 16100/110162...
2026-01-12 14:39:21,135 - INFO -   Processing record 16200/110162...
2026-01-12 14:39:21,237 - INFO -   Processing record 16300/110162...
2026-01-12 14:39:21,325 - INFO -   Processing record 16400/110162...
2026-01-12 14:39:21,414 - INFO -   Processing record 16500/110162...
2026-01-12 14:39:21,514 - INFO -   Processing record 16600/110162...
2026-01-12 14:39:21,668 - INFO -   Processing record 16700/110162...
2026-01-12 14:39:21,759 - INFO -   Processing record 16800/110162...
2026-01-12 14:39:21,862 - INFO -   Processing record 16900/110162...
2026-01-12 14:39:21,956 - INFO -   Processing record 17000/110162...
2026-01-12 14:39:22,058 - INFO -   Processing record 17100/110162...
2026-01-12 14:39:22,153 - INFO -   Processing record 17200/110162...
2026-01-12 14:39:22,252 - INFO -   Processing record 17300/110162...
2026-01-12 14:39:22,348 - INFO -   Processing record 17400/110162...
2026-01-12 14:39:22,579 - INFO -   Processing record 17500/110162...
2026-01-12 14:39:22,679 - INFO -   Processing record 17600/110162...
2026-01-12 14:39:22,771 - INFO -   Processing record 17700/110162...
2026-01-12 14:39:22,857 - INFO -   Processing record 17800/110162...
2026-01-12 14:39:22,946 - INFO -   Processing record 17900/110162...
2026-01-12 14:39:23,030 - INFO -   Processing record 18000/110162...
2026-01-12 14:39:23,118 - INFO -   Processing record 18100/110162...
2026-01-12 14:39:23,206 - INFO -   Processing record 18200/110162...
2026-01-12 14:39:23,287 - INFO -   Processing record 18300/110162...
2026-01-12 14:39:23,368 - INFO -   Processing record 18400/110162...
2026-01-12 14:39:23,452 - INFO -   Processing record 18500/110162...
2026-01-12 14:39:23,533 - INFO -   Processing record 18600/110162...
2026-01-12 14:39:23,612 - INFO -   Processing record 18700/110162...
2026-01-12 14:39:23,694 - INFO -   Processing record 18800/110162...
2026-01-12 14:39:23,775 - INFO -   Processing record 18900/110162...
2026-01-12 14:39:23,861 - INFO -   Processing record 19000/110162...
2026-01-12 14:39:23,939 - INFO -   Processing record 19100/110162...
2026-01-12 14:39:24,016 - INFO -   Processing record 19200/110162...
2026-01-12 14:39:24,092 - INFO -   Processing record 19300/110162...
2026-01-12 14:39:24,176 - INFO -   Processing record 19400/110162...
2026-01-12 14:39:24,251 - INFO -   Processing record 19500/110162...
2026-01-12 14:39:24,335 - INFO -   Processing record 19600/110162...
2026-01-12 14:39:24,414 - INFO -   Processing record 19700/110162...
2026-01-12 14:39:24,496 - INFO -   Processing record 19800/110162...
2026-01-12 14:39:24,574 - INFO -   Processing record 19900/110162...
2026-01-12 14:39:24,649 - INFO -   Processing record 20000/110162...
2026-01-12 14:39:24,727 - INFO -   Processing record 20100/110162...
2026-01-12 14:39:24,809 - INFO -   Processing record 20200/110162...
2026-01-12 14:39:24,949 - INFO -   Processing record 20300/110162...
2026-01-12 14:39:25,026 - INFO -   Processing record 20400/110162...
2026-01-12 14:39:25,105 - INFO -   Processing record 20500/110162...
2026-01-12 14:39:25,183 - INFO -   Processing record 20600/110162...
2026-01-12 14:39:25,262 - INFO -   Processing record 20700/110162...
2026-01-12 14:39:25,340 - INFO -   Processing record 20800/110162...
2026-01-12 14:39:25,421 - INFO -   Processing record 20900/110162...
2026-01-12 14:39:25,500 - INFO -   Processing record 21000/110162...
2026-01-12 14:39:25,582 - INFO -   Processing record 21100/110162...
2026-01-12 14:39:25,667 - INFO -   Processing record 21200/110162...
2026-01-12 14:39:25,745 - INFO -   Processing record 21300/110162...
2026-01-12 14:39:25,834 - INFO -   Processing record 21400/110162...
2026-01-12 14:39:25,919 - INFO -   Processing record 21500/110162...
2026-01-12 14:39:26,008 - INFO -   Processing record 21600/110162...
2026-01-12 14:39:26,095 - INFO -   Processing record 21700/110162...
2026-01-12 14:39:26,179 - INFO -   Processing record 21800/110162...
2026-01-12 14:39:26,284 - INFO -   Processing record 21900/110162...
2026-01-12 14:39:26,388 - INFO -   Processing record 22000/110162...
2026-01-12 14:39:26,481 - INFO -   Processing record 22100/110162...
2026-01-12 14:39:26,560 - INFO -   Processing record 22200/110162...
2026-01-12 14:39:26,638 - INFO -   Processing record 22300/110162...
2026-01-12 14:39:26,717 - INFO -   Processing record 22400/110162...
2026-01-12 14:39:26,800 - INFO -   Processing record 22500/110162...
2026-01-12 14:39:26,902 - INFO -   Processing record 22600/110162...
2026-01-12 14:39:26,987 - INFO -   Processing record 22700/110162...
2026-01-12 14:39:27,073 - INFO -   Processing record 22800/110162...
2026-01-12 14:39:27,155 - INFO -   Processing record 22900/110162...
2026-01-12 14:39:27,242 - INFO -   Processing record 23000/110162...
2026-01-12 14:39:27,322 - INFO -   Processing record 23100/110162...
2026-01-12 14:39:27,401 - INFO -   Processing record 23200/110162...
2026-01-12 14:39:27,481 - INFO -   Processing record 23300/110162...
2026-01-12 14:39:27,561 - INFO -   Processing record 23400/110162...
2026-01-12 14:39:27,677 - INFO -   Processing record 23500/110162...
2026-01-12 14:39:27,763 - INFO -   Processing record 23600/110162...
2026-01-12 14:39:27,846 - INFO -   Processing record 23700/110162...
2026-01-12 14:39:27,928 - INFO -   Processing record 23800/110162...
2026-01-12 14:39:28,012 - INFO -   Processing record 23900/110162...
2026-01-12 14:39:28,160 - INFO -   Processing record 24000/110162...
2026-01-12 14:39:28,242 - INFO -   Processing record 24100/110162...
2026-01-12 14:39:28,322 - INFO -   Processing record 24200/110162...
2026-01-12 14:39:28,406 - INFO -   Processing record 24300/110162...
2026-01-12 14:39:28,489 - INFO -   Processing record 24400/110162...
2026-01-12 14:39:28,568 - INFO -   Processing record 24500/110162...
2026-01-12 14:39:28,650 - INFO -   Processing record 24600/110162...
2026-01-12 14:39:28,732 - INFO -   Processing record 24700/110162...
2026-01-12 14:39:28,815 - INFO -   Processing record 24800/110162...
2026-01-12 14:39:28,901 - INFO -   Processing record 24900/110162...
2026-01-12 14:39:28,983 - INFO -   Processing record 25000/110162...
2026-01-12 14:39:29,070 - INFO -   Processing record 25100/110162...
2026-01-12 14:39:29,154 - INFO -   Processing record 25200/110162...
2026-01-12 14:39:29,233 - INFO -   Processing record 25300/110162...
2026-01-12 14:39:29,319 - INFO -   Processing record 25400/110162...
2026-01-12 14:39:29,399 - INFO -   Processing record 25500/110162...
2026-01-12 14:39:29,495 - INFO -   Processing record 25600/110162...
2026-01-12 14:39:29,582 - INFO -   Processing record 25700/110162...
2026-01-12 14:39:29,668 - INFO -   Processing record 25800/110162...
2026-01-12 14:39:29,754 - INFO -   Processing record 25900/110162...
2026-01-12 14:39:29,840 - INFO -   Processing record 26000/110162...
2026-01-12 14:39:29,924 - INFO -   Processing record 26100/110162...
2026-01-12 14:39:30,006 - INFO -   Processing record 26200/110162...
2026-01-12 14:39:30,090 - INFO -   Processing record 26300/110162...
2026-01-12 14:39:30,176 - INFO -   Processing record 26400/110162...
2026-01-12 14:39:30,288 - INFO -   Processing record 26500/110162...
2026-01-12 14:39:30,372 - INFO -   Processing record 26600/110162...
2026-01-12 14:39:30,455 - INFO -   Processing record 26700/110162...
2026-01-12 14:39:30,546 - INFO -   Processing record 26800/110162...
2026-01-12 14:39:30,634 - INFO -   Processing record 26900/110162...
2026-01-12 14:39:30,722 - INFO -   Processing record 27000/110162...
2026-01-12 14:39:30,810 - INFO -   Processing record 27100/110162...
2026-01-12 14:39:30,893 - INFO -   Processing record 27200/110162...
2026-01-12 14:39:30,983 - INFO -   Processing record 27300/110162...
2026-01-12 14:39:31,066 - INFO -   Processing record 27400/110162...
2026-01-12 14:39:31,152 - INFO -   Processing record 27500/110162...
2026-01-12 14:39:31,303 - INFO -   Processing record 27600/110162...
2026-01-12 14:39:31,385 - INFO -   Processing record 27700/110162...
2026-01-12 14:39:31,468 - INFO -   Processing record 27800/110162...
2026-01-12 14:39:31,554 - INFO -   Processing record 27900/110162...
2026-01-12 14:39:31,642 - INFO -   Processing record 28000/110162...
2026-01-12 14:39:31,728 - INFO -   Processing record 28100/110162...
2026-01-12 14:39:31,814 - INFO -   Processing record 28200/110162...
2026-01-12 14:39:31,900 - INFO -   Processing record 28300/110162...
2026-01-12 14:39:31,985 - INFO -   Processing record 28400/110162...
2026-01-12 14:39:32,074 - INFO -   Processing record 28500/110162...
2026-01-12 14:39:32,168 - INFO -   Processing record 28600/110162...
2026-01-12 14:39:32,257 - INFO -   Processing record 28700/110162...
2026-01-12 14:39:32,344 - INFO -   Processing record 28800/110162...
2026-01-12 14:39:32,425 - INFO -   Processing record 28900/110162...
2026-01-12 14:39:32,512 - INFO -   Processing record 29000/110162...
2026-01-12 14:39:32,589 - INFO -   Processing record 29100/110162...
2026-01-12 14:39:32,704 - INFO -   Processing record 29200/110162...
2026-01-12 14:39:32,808 - INFO -   Processing record 29300/110162...
2026-01-12 14:39:32,887 - INFO -   Processing record 29400/110162...
2026-01-12 14:39:32,978 - INFO -   Processing record 29500/110162...
2026-01-12 14:39:33,060 - INFO -   Processing record 29600/110162...
2026-01-12 14:39:33,149 - INFO -   Processing record 29700/110162...
2026-01-12 14:39:33,232 - INFO -   Processing record 29800/110162...
2026-01-12 14:39:33,324 - INFO -   Processing record 29900/110162...
2026-01-12 14:39:33,412 - INFO -   Processing record 30000/110162...
2026-01-12 14:39:33,509 - INFO -   Processing record 30100/110162...
2026-01-12 14:39:33,598 - INFO -   Processing record 30200/110162...
2026-01-12 14:39:33,686 - INFO -   Processing record 30300/110162...
2026-01-12 14:39:33,813 - INFO -   Processing record 30400/110162...
2026-01-12 14:39:33,892 - INFO -   Processing record 30500/110162...
2026-01-12 14:39:33,980 - INFO -   Processing record 30600/110162...
2026-01-12 14:39:34,067 - INFO -   Processing record 30700/110162...
2026-01-12 14:39:34,150 - INFO -   Processing record 30800/110162...
2026-01-12 14:39:34,241 - INFO -   Processing record 30900/110162...
2026-01-12 14:39:34,365 - INFO -   Processing record 31000/110162...
2026-01-12 14:39:34,443 - INFO -   Processing record 31100/110162...
2026-01-12 14:39:34,586 - INFO -   Processing record 31200/110162...
2026-01-12 14:39:34,671 - INFO -   Processing record 31300/110162...
2026-01-12 14:39:34,757 - INFO -   Processing record 31400/110162...
2026-01-12 14:39:34,844 - INFO -   Processing record 31500/110162...
2026-01-12 14:39:34,929 - INFO -   Processing record 31600/110162...
2026-01-12 14:39:35,016 - INFO -   Processing record 31700/110162...
2026-01-12 14:39:35,102 - INFO -   Processing record 31800/110162...
2026-01-12 14:39:35,181 - INFO -   Processing record 31900/110162...
2026-01-12 14:39:35,258 - INFO -   Processing record 32000/110162...
2026-01-12 14:39:35,350 - INFO -   Processing record 32100/110162...
2026-01-12 14:39:35,438 - INFO -   Processing record 32200/110162...
2026-01-12 14:39:35,523 - INFO -   Processing record 32300/110162...
2026-01-12 14:39:35,631 - INFO -   Processing record 32400/110162...
2026-01-12 14:39:35,712 - INFO -   Processing record 32500/110162...
2026-01-12 14:39:35,794 - INFO -   Processing record 32600/110162...
2026-01-12 14:39:35,875 - INFO -   Processing record 32700/110162...
2026-01-12 14:39:35,957 - INFO -   Processing record 32800/110162...
2026-01-12 14:39:36,039 - INFO -   Processing record 32900/110162...
2026-01-12 14:39:36,124 - INFO -   Processing record 33000/110162...
2026-01-12 14:39:36,250 - INFO -   Processing record 33100/110162...
2026-01-12 14:39:36,347 - INFO -   Processing record 33200/110162...
2026-01-12 14:39:36,428 - INFO -   Processing record 33300/110162...
2026-01-12 14:39:36,522 - INFO -   Processing record 33400/110162...
2026-01-12 14:39:36,609 - INFO -   Processing record 33500/110162...
2026-01-12 14:39:36,712 - INFO -   Processing record 33600/110162...
2026-01-12 14:39:36,793 - INFO -   Processing record 33700/110162...
2026-01-12 14:39:36,881 - INFO -   Processing record 33800/110162...
2026-01-12 14:39:36,964 - INFO -   Processing record 33900/110162...
2026-01-12 14:39:37,058 - INFO -   Processing record 34000/110162...
2026-01-12 14:39:37,147 - INFO -   Processing record 34100/110162...
2026-01-12 14:39:37,232 - INFO -   Processing record 34200/110162...
2026-01-12 14:39:37,334 - INFO -   Processing record 34300/110162...
2026-01-12 14:39:37,430 - INFO -   Processing record 34400/110162...
2026-01-12 14:39:37,510 - INFO -   Processing record 34500/110162...
2026-01-12 14:39:37,596 - INFO -   Processing record 34600/110162...
2026-01-12 14:39:37,683 - INFO -   Processing record 34700/110162...
2026-01-12 14:39:37,846 - INFO -   Processing record 34800/110162...
2026-01-12 14:39:37,929 - INFO -   Processing record 34900/110162...
2026-01-12 14:39:38,008 - INFO -   Processing record 35000/110162...
2026-01-12 14:39:38,093 - INFO -   Processing record 35100/110162...
2026-01-12 14:39:38,176 - INFO -   Processing record 35200/110162...
2026-01-12 14:39:38,262 - INFO -   Processing record 35300/110162...
2026-01-12 14:39:38,381 - INFO -   Processing record 35400/110162...
2026-01-12 14:39:38,476 - INFO -   Processing record 35500/110162...
2026-01-12 14:39:38,559 - INFO -   Processing record 35600/110162...
2026-01-12 14:39:38,643 - INFO -   Processing record 35700/110162...
2026-01-12 14:39:38,726 - INFO -   Processing record 35800/110162...
2026-01-12 14:39:38,806 - INFO -   Processing record 35900/110162...
2026-01-12 14:39:38,883 - INFO -   Processing record 36000/110162...
2026-01-12 14:39:38,967 - INFO -   Processing record 36100/110162...
2026-01-12 14:39:39,049 - INFO -   Processing record 36200/110162...
2026-01-12 14:39:39,131 - INFO -   Processing record 36300/110162...
2026-01-12 14:39:39,210 - INFO -   Processing record 36400/110162...
2026-01-12 14:39:39,295 - INFO -   Processing record 36500/110162...
2026-01-12 14:39:39,375 - INFO -   Processing record 36600/110162...
2026-01-12 14:39:39,457 - INFO -   Processing record 36700/110162...
2026-01-12 14:39:39,537 - INFO -   Processing record 36800/110162...
2026-01-12 14:39:39,616 - INFO -   Processing record 36900/110162...
2026-01-12 14:39:39,702 - INFO -   Processing record 37000/110162...
2026-01-12 14:39:39,787 - INFO -   Processing record 37100/110162...
2026-01-12 14:39:39,866 - INFO -   Processing record 37200/110162...
2026-01-12 14:39:39,947 - INFO -   Processing record 37300/110162...
2026-01-12 14:39:40,032 - INFO -   Processing record 37400/110162...
2026-01-12 14:39:40,112 - INFO -   Processing record 37500/110162...
2026-01-12 14:39:40,199 - INFO -   Processing record 37600/110162...
2026-01-12 14:39:40,284 - INFO -   Processing record 37700/110162...
2026-01-12 14:39:40,367 - INFO -   Processing record 37800/110162...
2026-01-12 14:39:40,449 - INFO -   Processing record 37900/110162...
2026-01-12 14:39:40,530 - INFO -   Processing record 38000/110162...
2026-01-12 14:39:40,604 - INFO -   Processing record 38100/110162...
2026-01-12 14:39:40,679 - INFO -   Processing record 38200/110162...
2026-01-12 14:39:40,757 - INFO -   Processing record 38300/110162...
2026-01-12 14:39:40,891 - INFO -   Processing record 38400/110162...
2026-01-12 14:39:40,972 - INFO -   Processing record 38500/110162...
2026-01-12 14:39:41,056 - INFO -   Processing record 38600/110162...
2026-01-12 14:39:41,143 - INFO -   Processing record 38700/110162...
2026-01-12 14:39:41,240 - INFO -   Processing record 38800/110162...
2026-01-12 14:39:41,345 - INFO -   Processing record 38900/110162...
2026-01-12 14:39:41,429 - INFO -   Processing record 39000/110162...
2026-01-12 14:39:41,512 - INFO -   Processing record 39100/110162...
2026-01-12 14:39:41,593 - INFO -   Processing record 39200/110162...
2026-01-12 14:39:41,673 - INFO -   Processing record 39300/110162...
2026-01-12 14:39:41,759 - INFO -   Processing record 39400/110162...
2026-01-12 14:39:41,842 - INFO -   Processing record 39500/110162...
2026-01-12 14:39:41,922 - INFO -   Processing record 39600/110162...
2026-01-12 14:39:42,000 - INFO -   Processing record 39700/110162...
2026-01-12 14:39:42,083 - INFO -   Processing record 39800/110162...
2026-01-12 14:39:42,163 - INFO -   Processing record 39900/110162...
2026-01-12 14:39:42,248 - INFO -   Processing record 40000/110162...
2026-01-12 14:39:42,328 - INFO -   Processing record 40100/110162...
2026-01-12 14:39:42,411 - INFO -   Processing record 40200/110162...
2026-01-12 14:39:42,492 - INFO -   Processing record 40300/110162...
2026-01-12 14:39:42,568 - INFO -   Processing record 40400/110162...
2026-01-12 14:39:42,642 - INFO -   Processing record 40500/110162...
2026-01-12 14:39:42,728 - INFO -   Processing record 40600/110162...
2026-01-12 14:39:42,813 - INFO -   Processing record 40700/110162...
2026-01-12 14:39:42,894 - INFO -   Processing record 40800/110162...
2026-01-12 14:39:42,977 - INFO -   Processing record 40900/110162...
2026-01-12 14:39:43,061 - INFO -   Processing record 41000/110162...
2026-01-12 14:39:43,161 - INFO -   Processing record 41100/110162...
2026-01-12 14:39:43,241 - INFO -   Processing record 41200/110162...
2026-01-12 14:39:43,318 - INFO -   Processing record 41300/110162...
2026-01-12 14:39:43,396 - INFO -   Processing record 41400/110162...
2026-01-12 14:39:43,482 - INFO -   Processing record 41500/110162...
2026-01-12 14:39:43,562 - INFO -   Processing record 41600/110162...
2026-01-12 14:39:43,640 - INFO -   Processing record 41700/110162...
2026-01-12 14:39:43,719 - INFO -   Processing record 41800/110162...
2026-01-12 14:39:43,801 - INFO -   Processing record 41900/110162...
2026-01-12 14:39:43,947 - INFO -   Processing record 42000/110162...
2026-01-12 14:39:44,034 - INFO -   Processing record 42100/110162...
2026-01-12 14:39:44,121 - INFO -   Processing record 42200/110162...
2026-01-12 14:39:44,203 - INFO -   Processing record 42300/110162...
2026-01-12 14:39:44,281 - INFO -   Processing record 42400/110162...
2026-01-12 14:39:44,372 - INFO -   Processing record 42500/110162...
2026-01-12 14:39:44,450 - INFO -   Processing record 42600/110162...
2026-01-12 14:39:44,532 - INFO -   Processing record 42700/110162...
2026-01-12 14:39:44,618 - INFO -   Processing record 42800/110162...
2026-01-12 14:39:44,701 - INFO -   Processing record 42900/110162...
2026-01-12 14:39:44,782 - INFO -   Processing record 43000/110162...
2026-01-12 14:39:44,861 - INFO -   Processing record 43100/110162...
2026-01-12 14:39:44,945 - INFO -   Processing record 43200/110162...
2026-01-12 14:39:45,019 - INFO -   Processing record 43300/110162...
2026-01-12 14:39:45,102 - INFO -   Processing record 43400/110162...
2026-01-12 14:39:45,180 - INFO -   Processing record 43500/110162...
2026-01-12 14:39:45,256 - INFO -   Processing record 43600/110162...
2026-01-12 14:39:45,329 - INFO -   Processing record 43700/110162...
2026-01-12 14:39:45,414 - INFO -   Processing record 43800/110162...
2026-01-12 14:39:45,496 - INFO -   Processing record 43900/110162...
2026-01-12 14:39:45,577 - INFO -   Processing record 44000/110162...
2026-01-12 14:39:45,654 - INFO -   Processing record 44100/110162...
2026-01-12 14:39:45,737 - INFO -   Processing record 44200/110162...
2026-01-12 14:39:45,822 - INFO -   Processing record 44300/110162...
2026-01-12 14:39:45,903 - INFO -   Processing record 44400/110162...
2026-01-12 14:39:45,984 - INFO -   Processing record 44500/110162...
2026-01-12 14:39:46,060 - INFO -   Processing record 44600/110162...
2026-01-12 14:39:46,141 - INFO -   Processing record 44700/110162...
2026-01-12 14:39:46,244 - INFO -   Processing record 44800/110162...
2026-01-12 14:39:46,329 - INFO -   Processing record 44900/110162...
2026-01-12 14:39:46,408 - INFO -   Processing record 45000/110162...
2026-01-12 14:39:46,487 - INFO -   Processing record 45100/110162...
2026-01-12 14:39:46,568 - INFO -   Processing record 45200/110162...
2026-01-12 14:39:46,648 - INFO -   Processing record 45300/110162...
2026-01-12 14:39:46,732 - INFO -   Processing record 45400/110162...
2026-01-12 14:39:46,812 - INFO -   Processing record 45500/110162...
2026-01-12 14:39:46,897 - INFO -   Processing record 45600/110162...
2026-01-12 14:39:47,050 - INFO -   Processing record 45700/110162...
2026-01-12 14:39:47,135 - INFO -   Processing record 45800/110162...
2026-01-12 14:39:47,215 - INFO -   Processing record 45900/110162...
2026-01-12 14:39:47,298 - INFO -   Processing record 46000/110162...
2026-01-12 14:39:47,381 - INFO -   Processing record 46100/110162...
2026-01-12 14:39:47,468 - INFO -   Processing record 46200/110162...
2026-01-12 14:39:47,555 - INFO -   Processing record 46300/110162...
2026-01-12 14:39:47,637 - INFO -   Processing record 46400/110162...
2026-01-12 14:39:47,721 - INFO -   Processing record 46500/110162...
2026-01-12 14:39:47,809 - INFO -   Processing record 46600/110162...
2026-01-12 14:39:47,892 - INFO -   Processing record 46700/110162...
2026-01-12 14:39:47,972 - INFO -   Processing record 46800/110162...
2026-01-12 14:39:48,056 - INFO -   Processing record 46900/110162...
2026-01-12 14:39:48,146 - INFO -   Processing record 47000/110162...
2026-01-12 14:39:48,230 - INFO -   Processing record 47100/110162...
2026-01-12 14:39:48,310 - INFO -   Processing record 47200/110162...
2026-01-12 14:39:48,395 - INFO -   Processing record 47300/110162...
2026-01-12 14:39:48,483 - INFO -   Processing record 47400/110162...
2026-01-12 14:39:48,564 - INFO -   Processing record 47500/110162...
2026-01-12 14:39:48,647 - INFO -   Processing record 47600/110162...
2026-01-12 14:39:48,730 - INFO -   Processing record 47700/110162...
2026-01-12 14:39:48,815 - INFO -   Processing record 47800/110162...
2026-01-12 14:39:48,894 - INFO -   Processing record 47900/110162...
2026-01-12 14:39:48,976 - INFO -   Processing record 48000/110162...
2026-01-12 14:39:49,054 - INFO -   Processing record 48100/110162...
2026-01-12 14:39:49,137 - INFO -   Processing record 48200/110162...
2026-01-12 14:39:49,221 - INFO -   Processing record 48300/110162...
2026-01-12 14:39:49,307 - INFO -   Processing record 48400/110162...
2026-01-12 14:39:49,395 - INFO -   Processing record 48500/110162...
2026-01-12 14:39:49,479 - INFO -   Processing record 48600/110162...
2026-01-12 14:39:49,564 - INFO -   Processing record 48700/110162...
2026-01-12 14:39:49,643 - INFO -   Processing record 48800/110162...
2026-01-12 14:39:49,722 - INFO -   Processing record 48900/110162...
2026-01-12 14:39:49,807 - INFO -   Processing record 49000/110162...
2026-01-12 14:39:49,886 - INFO -   Processing record 49100/110162...
2026-01-12 14:39:49,990 - INFO -   Processing record 49200/110162...
2026-01-12 14:39:50,137 - INFO -   Processing record 49300/110162...
2026-01-12 14:39:50,222 - INFO -   Processing record 49400/110162...
2026-01-12 14:39:50,305 - INFO -   Processing record 49500/110162...
2026-01-12 14:39:50,385 - INFO -   Processing record 49600/110162...
2026-01-12 14:39:50,466 - INFO -   Processing record 49700/110162...
2026-01-12 14:39:50,555 - INFO -   Processing record 49800/110162...
2026-01-12 14:39:50,641 - INFO -   Processing record 49900/110162...
2026-01-12 14:39:50,726 - INFO -   Processing record 50000/110162...
2026-01-12 14:39:50,808 - INFO -   Processing record 50100/110162...
2026-01-12 14:39:50,893 - INFO -   Processing record 50200/110162...
2026-01-12 14:39:50,976 - INFO -   Processing record 50300/110162...
2026-01-12 14:39:51,059 - INFO -   Processing record 50400/110162...
2026-01-12 14:39:51,142 - INFO -   Processing record 50500/110162...
2026-01-12 14:39:51,221 - INFO -   Processing record 50600/110162...
2026-01-12 14:39:51,305 - INFO -   Processing record 50700/110162...
2026-01-12 14:39:51,388 - INFO -   Processing record 50800/110162...
2026-01-12 14:39:51,467 - INFO -   Processing record 50900/110162...
2026-01-12 14:39:51,547 - INFO -   Processing record 51000/110162...
2026-01-12 14:39:51,630 - INFO -   Processing record 51100/110162...
2026-01-12 14:39:51,716 - INFO -   Processing record 51200/110162...
2026-01-12 14:39:51,799 - INFO -   Processing record 51300/110162...
2026-01-12 14:39:51,882 - INFO -   Processing record 51400/110162...
2026-01-12 14:39:51,959 - INFO -   Processing record 51500/110162...
2026-01-12 14:39:52,045 - INFO -   Processing record 51600/110162...
2026-01-12 14:39:52,130 - INFO -   Processing record 51700/110162...
2026-01-12 14:39:52,215 - INFO -   Processing record 51800/110162...
2026-01-12 14:39:52,300 - INFO -   Processing record 51900/110162...
2026-01-12 14:39:52,382 - INFO -   Processing record 52000/110162...
2026-01-12 14:39:52,463 - INFO -   Processing record 52100/110162...
2026-01-12 14:39:52,557 - INFO -   Processing record 52200/110162...
2026-01-12 14:39:52,654 - INFO -   Processing record 52300/110162...
2026-01-12 14:39:52,736 - INFO -   Processing record 52400/110162...
2026-01-12 14:39:52,821 - INFO -   Processing record 52500/110162...
2026-01-12 14:39:52,901 - INFO -   Processing record 52600/110162...
2026-01-12 14:39:52,982 - INFO -   Processing record 52700/110162...
2026-01-12 14:39:53,065 - INFO -   Processing record 52800/110162...
2026-01-12 14:39:53,209 - INFO -   Processing record 52900/110162...
2026-01-12 14:39:53,295 - INFO -   Processing record 53000/110162...
2026-01-12 14:39:53,377 - INFO -   Processing record 53100/110162...
2026-01-12 14:39:53,461 - INFO -   Processing record 53200/110162...
2026-01-12 14:39:53,541 - INFO -   Processing record 53300/110162...
2026-01-12 14:39:53,617 - INFO -   Processing record 53400/110162...
2026-01-12 14:39:53,697 - INFO -   Processing record 53500/110162...
2026-01-12 14:39:53,778 - INFO -   Processing record 53600/110162...
2026-01-12 14:39:53,860 - INFO -   Processing record 53700/110162...
2026-01-12 14:39:53,943 - INFO -   Processing record 53800/110162...
2026-01-12 14:39:54,023 - INFO -   Processing record 53900/110162...
2026-01-12 14:39:54,105 - INFO -   Processing record 54000/110162...
2026-01-12 14:39:54,190 - INFO -   Processing record 54100/110162...
2026-01-12 14:39:54,276 - INFO -   Processing record 54200/110162...
2026-01-12 14:39:54,356 - INFO -   Processing record 54300/110162...
2026-01-12 14:39:54,439 - INFO -   Processing record 54400/110162...
2026-01-12 14:39:54,522 - INFO -   Processing record 54500/110162...
2026-01-12 14:39:54,608 - INFO -   Processing record 54600/110162...
2026-01-12 14:39:54,688 - INFO -   Processing record 54700/110162...
2026-01-12 14:39:54,776 - INFO -   Processing record 54800/110162...
2026-01-12 14:39:54,864 - INFO -   Processing record 54900/110162...
2026-01-12 14:39:54,950 - INFO -   Processing record 55000/110162...
2026-01-12 14:39:55,033 - INFO -   Processing record 55100/110162...
2026-01-12 14:39:55,114 - INFO -   Processing record 55200/110162...
2026-01-12 14:39:55,196 - INFO -   Processing record 55300/110162...
2026-01-12 14:39:55,279 - INFO -   Processing record 55400/110162...
2026-01-12 14:39:55,359 - INFO -   Processing record 55500/110162...
2026-01-12 14:39:55,446 - INFO -   Processing record 55600/110162...
2026-01-12 14:39:55,560 - INFO -   Processing record 55700/110162...
2026-01-12 14:39:55,642 - INFO -   Processing record 55800/110162...
2026-01-12 14:39:55,725 - INFO -   Processing record 55900/110162...
2026-01-12 14:39:55,807 - INFO -   Processing record 56000/110162...
2026-01-12 14:39:55,891 - INFO -   Processing record 56100/110162...
2026-01-12 14:39:55,975 - INFO -   Processing record 56200/110162...
2026-01-12 14:39:56,056 - INFO -   Processing record 56300/110162...
2026-01-12 14:39:56,139 - INFO -   Processing record 56400/110162...
2026-01-12 14:39:56,289 - INFO -   Processing record 56500/110162...
2026-01-12 14:39:56,371 - INFO -   Processing record 56600/110162...
2026-01-12 14:39:56,454 - INFO -   Processing record 56700/110162...
2026-01-12 14:39:56,540 - INFO -   Processing record 56800/110162...
2026-01-12 14:39:56,623 - INFO -   Processing record 56900/110162...
2026-01-12 14:39:56,700 - INFO -   Processing record 57000/110162...
2026-01-12 14:39:56,786 - INFO -   Processing record 57100/110162...
2026-01-12 14:39:56,875 - INFO -   Processing record 57200/110162...
2026-01-12 14:39:56,957 - INFO -   Processing record 57300/110162...
2026-01-12 14:39:57,040 - INFO -   Processing record 57400/110162...
2026-01-12 14:39:57,123 - INFO -   Processing record 57500/110162...
2026-01-12 14:39:57,202 - INFO -   Processing record 57600/110162...
2026-01-12 14:39:57,289 - INFO -   Processing record 57700/110162...
2026-01-12 14:39:57,374 - INFO -   Processing record 57800/110162...
2026-01-12 14:39:57,456 - INFO -   Processing record 57900/110162...
2026-01-12 14:39:57,536 - INFO -   Processing record 58000/110162...
2026-01-12 14:39:57,620 - INFO -   Processing record 58100/110162...
2026-01-12 14:39:57,710 - INFO -   Processing record 58200/110162...
2026-01-12 14:39:57,808 - INFO -   Processing record 58300/110162...
2026-01-12 14:39:57,891 - INFO -   Processing record 58400/110162...
2026-01-12 14:39:57,970 - INFO -   Processing record 58500/110162...
2026-01-12 14:39:58,058 - INFO -   Processing record 58600/110162...
2026-01-12 14:39:58,141 - INFO -   Processing record 58700/110162...
2026-01-12 14:39:58,230 - INFO -   Processing record 58800/110162...
2026-01-12 14:39:58,316 - INFO -   Processing record 58900/110162...
2026-01-12 14:39:58,403 - INFO -   Processing record 59000/110162...
2026-01-12 14:39:58,485 - INFO -   Processing record 59100/110162...
2026-01-12 14:39:58,571 - INFO -   Processing record 59200/110162...
2026-01-12 14:39:58,652 - INFO -   Processing record 59300/110162...
2026-01-12 14:39:58,738 - INFO -   Processing record 59400/110162...
2026-01-12 14:39:58,824 - INFO -   Processing record 59500/110162...
2026-01-12 14:39:58,906 - INFO -   Processing record 59600/110162...
2026-01-12 14:39:58,986 - INFO -   Processing record 59700/110162...
2026-01-12 14:39:59,073 - INFO -   Processing record 59800/110162...
2026-01-12 14:39:59,158 - INFO -   Processing record 59900/110162...
2026-01-12 14:39:59,247 - INFO -   Processing record 60000/110162...
2026-01-12 14:39:59,394 - INFO -   Processing record 60100/110162...
2026-01-12 14:39:59,469 - INFO -   Processing record 60200/110162...
2026-01-12 14:39:59,554 - INFO -   Processing record 60300/110162...
2026-01-12 14:39:59,634 - INFO -   Processing record 60400/110162...
2026-01-12 14:39:59,710 - INFO -   Processing record 60500/110162...
2026-01-12 14:39:59,797 - INFO -   Processing record 60600/110162...
2026-01-12 14:39:59,891 - INFO -   Processing record 60700/110162...
2026-01-12 14:39:59,979 - INFO -   Processing record 60800/110162...
2026-01-12 14:40:00,060 - INFO -   Processing record 60900/110162...
2026-01-12 14:40:00,144 - INFO -   Processing record 61000/110162...
2026-01-12 14:40:00,274 - INFO -   Processing record 61100/110162...
2026-01-12 14:40:00,371 - INFO -   Processing record 61200/110162...
2026-01-12 14:40:00,449 - INFO -   Processing record 61300/110162...
2026-01-12 14:40:00,529 - INFO -   Processing record 61400/110162...
2026-01-12 14:40:00,610 - INFO -   Processing record 61500/110162...
2026-01-12 14:40:00,694 - INFO -   Processing record 61600/110162...
2026-01-12 14:40:00,781 - INFO -   Processing record 61700/110162...
2026-01-12 14:40:00,869 - INFO -   Processing record 61800/110162...
2026-01-12 14:40:01,203 - INFO -   Processing record 61900/110162...
2026-01-12 14:40:01,342 - INFO -   Processing record 62000/110162...
2026-01-12 14:40:01,468 - INFO -   Processing record 62100/110162...
2026-01-12 14:40:01,553 - INFO -   Processing record 62200/110162...
2026-01-12 14:40:01,637 - INFO -   Processing record 62300/110162...
2026-01-12 14:40:01,714 - INFO -   Processing record 62400/110162...
2026-01-12 14:40:01,849 - INFO -   Processing record 62500/110162...
2026-01-12 14:40:01,941 - INFO -   Processing record 62600/110162...
2026-01-12 14:40:02,070 - INFO -   Processing record 62700/110162...
2026-01-12 14:40:02,193 - INFO -   Processing record 62800/110162...
2026-01-12 14:40:02,290 - INFO -   Processing record 62900/110162...
2026-01-12 14:40:02,397 - INFO -   Processing record 63000/110162...
2026-01-12 14:40:02,480 - INFO -   Processing record 63100/110162...
2026-01-12 14:40:02,566 - INFO -   Processing record 63200/110162...
2026-01-12 14:40:02,645 - INFO -   Processing record 63300/110162...
2026-01-12 14:40:02,726 - INFO -   Processing record 63400/110162...
2026-01-12 14:40:02,854 - INFO -   Processing record 63500/110162...
2026-01-12 14:40:02,939 - INFO -   Processing record 63600/110162...
2026-01-12 14:40:03,084 - INFO -   Processing record 63700/110162...
2026-01-12 14:40:03,167 - INFO -   Processing record 63800/110162...
2026-01-12 14:40:03,245 - INFO -   Processing record 63900/110162...
2026-01-12 14:40:03,321 - INFO -   Processing record 64000/110162...
2026-01-12 14:40:03,399 - INFO -   Processing record 64100/110162...
2026-01-12 14:40:03,481 - INFO -   Processing record 64200/110162...
2026-01-12 14:40:03,560 - INFO -   Processing record 64300/110162...
2026-01-12 14:40:03,643 - INFO -   Processing record 64400/110162...
2026-01-12 14:40:03,727 - INFO -   Processing record 64500/110162...
2026-01-12 14:40:03,814 - INFO -   Processing record 64600/110162...
2026-01-12 14:40:03,891 - INFO -   Processing record 64700/110162...
2026-01-12 14:40:03,971 - INFO -   Processing record 64800/110162...
2026-01-12 14:40:04,116 - INFO -   Processing record 64900/110162...
2026-01-12 14:40:04,206 - INFO -   Processing record 65000/110162...
2026-01-12 14:40:04,303 - INFO -   Processing record 65100/110162...
2026-01-12 14:40:04,435 - INFO -   Processing record 65200/110162...
2026-01-12 14:40:04,535 - INFO -   Processing record 65300/110162...
2026-01-12 14:40:04,685 - INFO -   Processing record 65400/110162...
2026-01-12 14:40:04,854 - INFO -   Processing record 65500/110162...
2026-01-12 14:40:04,959 - INFO -   Processing record 65600/110162...
2026-01-12 14:40:05,070 - INFO -   Processing record 65700/110162...
2026-01-12 14:40:05,158 - INFO -   Processing record 65800/110162...
2026-01-12 14:40:05,246 - INFO -   Processing record 65900/110162...
2026-01-12 14:40:05,336 - INFO -   Processing record 66000/110162...
2026-01-12 14:40:05,425 - INFO -   Processing record 66100/110162...
2026-01-12 14:40:05,518 - INFO -   Processing record 66200/110162...
2026-01-12 14:40:05,621 - INFO -   Processing record 66300/110162...
2026-01-12 14:40:05,708 - INFO -   Processing record 66400/110162...
2026-01-12 14:40:05,798 - INFO -   Processing record 66500/110162...
2026-01-12 14:40:05,902 - INFO -   Processing record 66600/110162...
2026-01-12 14:40:05,984 - INFO -   Processing record 66700/110162...
2026-01-12 14:40:06,067 - INFO -   Processing record 66800/110162...
2026-01-12 14:40:06,159 - INFO -   Processing record 66900/110162...
2026-01-12 14:40:06,248 - INFO -   Processing record 67000/110162...
2026-01-12 14:40:06,336 - INFO -   Processing record 67100/110162...
2026-01-12 14:40:06,421 - INFO -   Processing record 67200/110162...
2026-01-12 14:40:06,579 - INFO -   Processing record 67300/110162...
2026-01-12 14:40:06,665 - INFO -   Processing record 67400/110162...
2026-01-12 14:40:06,757 - INFO -   Processing record 67500/110162...
2026-01-12 14:40:06,848 - INFO -   Processing record 67600/110162...
2026-01-12 14:40:06,938 - INFO -   Processing record 67700/110162...
2026-01-12 14:40:07,026 - INFO -   Processing record 67800/110162...
2026-01-12 14:40:07,108 - INFO -   Processing record 67900/110162...
2026-01-12 14:40:07,211 - INFO -   Processing record 68000/110162...
2026-01-12 14:40:07,293 - INFO -   Processing record 68100/110162...
2026-01-12 14:40:07,388 - INFO -   Processing record 68200/110162...
2026-01-12 14:40:07,482 - INFO -   Processing record 68300/110162...
2026-01-12 14:40:07,578 - INFO -   Processing record 68400/110162...
2026-01-12 14:40:07,664 - INFO -   Processing record 68500/110162...
2026-01-12 14:40:07,753 - INFO -   Processing record 68600/110162...
2026-01-12 14:40:07,838 - INFO -   Processing record 68700/110162...
2026-01-12 14:40:07,924 - INFO -   Processing record 68800/110162...
2026-01-12 14:40:08,015 - INFO -   Processing record 68900/110162...
2026-01-12 14:40:08,105 - INFO -   Processing record 69000/110162...
2026-01-12 14:40:08,187 - INFO -   Processing record 69100/110162...
2026-01-12 14:40:08,272 - INFO -   Processing record 69200/110162...
2026-01-12 14:40:08,395 - INFO -   Processing record 69300/110162...
2026-01-12 14:40:08,492 - INFO -   Processing record 69400/110162...
2026-01-12 14:40:08,587 - INFO -   Processing record 69500/110162...
2026-01-12 14:40:08,672 - INFO -   Processing record 69600/110162...
2026-01-12 14:40:08,759 - INFO -   Processing record 69700/110162...
2026-01-12 14:40:08,861 - INFO -   Processing record 69800/110162...
2026-01-12 14:40:09,011 - INFO -   Processing record 69900/110162...
2026-01-12 14:40:09,097 - INFO -   Processing record 70000/110162...
2026-01-12 14:40:09,181 - INFO -   Processing record 70100/110162...
2026-01-12 14:40:09,273 - INFO -   Processing record 70200/110162...
2026-01-12 14:40:09,363 - INFO -   Processing record 70300/110162...
2026-01-12 14:40:09,452 - INFO -   Processing record 70400/110162...
2026-01-12 14:40:09,539 - INFO -   Processing record 70500/110162...
2026-01-12 14:40:09,629 - INFO -   Processing record 70600/110162...
2026-01-12 14:40:09,717 - INFO -   Processing record 70700/110162...
2026-01-12 14:40:09,833 - INFO -   Processing record 70800/110162...
2026-01-12 14:40:09,983 - INFO -   Processing record 70900/110162...
2026-01-12 14:40:10,066 - INFO -   Processing record 71000/110162...
2026-01-12 14:40:10,143 - INFO -   Processing record 71100/110162...
2026-01-12 14:40:10,226 - INFO -   Processing record 71200/110162...
2026-01-12 14:40:10,307 - INFO -   Processing record 71300/110162...
2026-01-12 14:40:10,384 - INFO -   Processing record 71400/110162...
2026-01-12 14:40:10,468 - INFO -   Processing record 71500/110162...
2026-01-12 14:40:10,548 - INFO -   Processing record 71600/110162...
2026-01-12 14:40:10,632 - INFO -   Processing record 71700/110162...
2026-01-12 14:40:10,717 - INFO -   Processing record 71800/110162...
2026-01-12 14:40:10,801 - INFO -   Processing record 71900/110162...
2026-01-12 14:40:10,893 - INFO -   Processing record 72000/110162...
2026-01-12 14:40:10,985 - INFO -   Processing record 72100/110162...
2026-01-12 14:40:11,073 - INFO -   Processing record 72200/110162...
2026-01-12 14:40:11,161 - INFO -   Processing record 72300/110162...
2026-01-12 14:40:11,245 - INFO -   Processing record 72400/110162...
2026-01-12 14:40:11,333 - INFO -   Processing record 72500/110162...
2026-01-12 14:40:11,420 - INFO -   Processing record 72600/110162...
2026-01-12 14:40:11,511 - INFO -   Processing record 72700/110162...
2026-01-12 14:40:11,604 - INFO -   Processing record 72800/110162...
2026-01-12 14:40:11,688 - INFO -   Processing record 72900/110162...
2026-01-12 14:40:11,769 - INFO -   Processing record 73000/110162...
2026-01-12 14:40:11,852 - INFO -   Processing record 73100/110162...
2026-01-12 14:40:11,933 - INFO -   Processing record 73200/110162...
2026-01-12 14:40:12,016 - INFO -   Processing record 73300/110162...
2026-01-12 14:40:12,095 - INFO -   Processing record 73400/110162...
2026-01-12 14:40:12,175 - INFO -   Processing record 73500/110162...
2026-01-12 14:40:12,253 - INFO -   Processing record 73600/110162...
2026-01-12 14:40:12,330 - INFO -   Processing record 73700/110162...
2026-01-12 14:40:12,407 - INFO -   Processing record 73800/110162...
2026-01-12 14:40:12,487 - INFO -   Processing record 73900/110162...
2026-01-12 14:40:12,570 - INFO -   Processing record 74000/110162...
2026-01-12 14:40:12,656 - INFO -   Processing record 74100/110162...
2026-01-12 14:40:12,736 - INFO -   Processing record 74200/110162...
2026-01-12 14:40:12,822 - INFO -   Processing record 74300/110162...
2026-01-12 14:40:12,911 - INFO -   Processing record 74400/110162...
2026-01-12 14:40:12,998 - INFO -   Processing record 74500/110162...
2026-01-12 14:40:13,151 - INFO -   Processing record 74600/110162...
2026-01-12 14:40:13,241 - INFO -   Processing record 74700/110162...
2026-01-12 14:40:13,342 - INFO -   Processing record 74800/110162...
2026-01-12 14:40:13,426 - INFO -   Processing record 74900/110162...
2026-01-12 14:40:13,506 - INFO -   Processing record 75000/110162...
2026-01-12 14:40:13,595 - INFO -   Processing record 75100/110162...
2026-01-12 14:40:13,678 - INFO -   Processing record 75200/110162...
2026-01-12 14:40:13,763 - INFO -   Processing record 75300/110162...
2026-01-12 14:40:13,851 - INFO -   Processing record 75400/110162...
2026-01-12 14:40:13,931 - INFO -   Processing record 75500/110162...
2026-01-12 14:40:14,011 - INFO -   Processing record 75600/110162...
2026-01-12 14:40:14,092 - INFO -   Processing record 75700/110162...
2026-01-12 14:40:14,175 - INFO -   Processing record 75800/110162...
2026-01-12 14:40:14,256 - INFO -   Processing record 75900/110162...
2026-01-12 14:40:14,335 - INFO -   Processing record 76000/110162...
2026-01-12 14:40:14,410 - INFO -   Processing record 76100/110162...
2026-01-12 14:40:14,490 - INFO -   Processing record 76200/110162...
2026-01-12 14:40:14,570 - INFO -   Processing record 76300/110162...
2026-01-12 14:40:14,650 - INFO -   Processing record 76400/110162...
2026-01-12 14:40:14,727 - INFO -   Processing record 76500/110162...
2026-01-12 14:40:14,810 - INFO -   Processing record 76600/110162...
2026-01-12 14:40:14,889 - INFO -   Processing record 76700/110162...
2026-01-12 14:40:14,969 - INFO -   Processing record 76800/110162...
2026-01-12 14:40:15,049 - INFO -   Processing record 76900/110162...
2026-01-12 14:40:15,133 - INFO -   Processing record 77000/110162...
2026-01-12 14:40:15,208 - INFO -   Processing record 77100/110162...
2026-01-12 14:40:15,286 - INFO -   Processing record 77200/110162...
2026-01-12 14:40:15,368 - INFO -   Processing record 77300/110162...
2026-01-12 14:40:15,450 - INFO -   Processing record 77400/110162...
2026-01-12 14:40:15,529 - INFO -   Processing record 77500/110162...
2026-01-12 14:40:15,606 - INFO -   Processing record 77600/110162...
2026-01-12 14:40:15,694 - INFO -   Processing record 77700/110162...
2026-01-12 14:40:15,775 - INFO -   Processing record 77800/110162...
2026-01-12 14:40:15,857 - INFO -   Processing record 77900/110162...
2026-01-12 14:40:15,938 - INFO -   Processing record 78000/110162...
2026-01-12 14:40:16,017 - INFO -   Processing record 78100/110162...
2026-01-12 14:40:16,097 - INFO -   Processing record 78200/110162...
2026-01-12 14:40:16,174 - INFO -   Processing record 78300/110162...
2026-01-12 14:40:16,264 - INFO -   Processing record 78400/110162...
2026-01-12 14:40:16,347 - INFO -   Processing record 78500/110162...
2026-01-12 14:40:16,432 - INFO -   Processing record 78600/110162...
2026-01-12 14:40:16,512 - INFO -   Processing record 78700/110162...
2026-01-12 14:40:16,594 - INFO -   Processing record 78800/110162...
2026-01-12 14:40:16,679 - INFO -   Processing record 78900/110162...
2026-01-12 14:40:16,759 - INFO -   Processing record 79000/110162...
2026-01-12 14:40:16,844 - INFO -   Processing record 79100/110162...
2026-01-12 14:40:16,928 - INFO -   Processing record 79200/110162...
2026-01-12 14:40:17,007 - INFO -   Processing record 79300/110162...
2026-01-12 14:40:17,085 - INFO -   Processing record 79400/110162...
2026-01-12 14:40:17,163 - INFO -   Processing record 79500/110162...
2026-01-12 14:40:17,240 - INFO -   Processing record 79600/110162...
2026-01-12 14:40:17,322 - INFO -   Processing record 79700/110162...
2026-01-12 14:40:17,405 - INFO -   Processing record 79800/110162...
2026-01-12 14:40:17,481 - INFO -   Processing record 79900/110162...
2026-01-12 14:40:17,560 - INFO -   Processing record 80000/110162...
2026-01-12 14:40:17,639 - INFO -   Processing record 80100/110162...
2026-01-12 14:40:17,720 - INFO -   Processing record 80200/110162...
2026-01-12 14:40:17,801 - INFO -   Processing record 80300/110162...
2026-01-12 14:40:17,881 - INFO -   Processing record 80400/110162...
2026-01-12 14:40:17,962 - INFO -   Processing record 80500/110162...
2026-01-12 14:40:18,041 - INFO -   Processing record 80600/110162...
2026-01-12 14:40:18,124 - INFO -   Processing record 80700/110162...
2026-01-12 14:40:18,201 - INFO -   Processing record 80800/110162...
2026-01-12 14:40:18,282 - INFO -   Processing record 80900/110162...
2026-01-12 14:40:18,432 - INFO -   Processing record 81000/110162...
2026-01-12 14:40:18,514 - INFO -   Processing record 81100/110162...
2026-01-12 14:40:18,596 - INFO -   Processing record 81200/110162...
2026-01-12 14:40:18,671 - INFO -   Processing record 81300/110162...
2026-01-12 14:40:18,748 - INFO -   Processing record 81400/110162...
2026-01-12 14:40:18,825 - INFO -   Processing record 81500/110162...
2026-01-12 14:40:18,903 - INFO -   Processing record 81600/110162...
2026-01-12 14:40:18,977 - INFO -   Processing record 81700/110162...
2026-01-12 14:40:19,057 - INFO -   Processing record 81800/110162...
2026-01-12 14:40:19,133 - INFO -   Processing record 81900/110162...
2026-01-12 14:40:19,210 - INFO -   Processing record 82000/110162...
2026-01-12 14:40:19,288 - INFO -   Processing record 82100/110162...
2026-01-12 14:40:19,367 - INFO -   Processing record 82200/110162...
2026-01-12 14:40:19,443 - INFO -   Processing record 82300/110162...
2026-01-12 14:40:19,518 - INFO -   Processing record 82400/110162...
2026-01-12 14:40:19,597 - INFO -   Processing record 82500/110162...
2026-01-12 14:40:19,684 - INFO -   Processing record 82600/110162...
2026-01-12 14:40:19,764 - INFO -   Processing record 82700/110162...
2026-01-12 14:40:19,842 - INFO -   Processing record 82800/110162...
2026-01-12 14:40:19,923 - INFO -   Processing record 82900/110162...
2026-01-12 14:40:20,004 - INFO -   Processing record 83000/110162...
2026-01-12 14:40:20,083 - INFO -   Processing record 83100/110162...
2026-01-12 14:40:20,161 - INFO -   Processing record 83200/110162...
2026-01-12 14:40:20,239 - INFO -   Processing record 83300/110162...
2026-01-12 14:40:20,317 - INFO -   Processing record 83400/110162...
2026-01-12 14:40:20,399 - INFO -   Processing record 83500/110162...
2026-01-12 14:40:20,475 - INFO -   Processing record 83600/110162...
2026-01-12 14:40:20,549 - INFO -   Processing record 83700/110162...
2026-01-12 14:40:20,633 - INFO -   Processing record 83800/110162...
2026-01-12 14:40:20,710 - INFO -   Processing record 83900/110162...
2026-01-12 14:40:20,788 - INFO -   Processing record 84000/110162...
2026-01-12 14:40:20,865 - INFO -   Processing record 84100/110162...
2026-01-12 14:40:20,937 - INFO -   Processing record 84200/110162...
2026-01-12 14:40:21,015 - INFO -   Processing record 84300/110162...
2026-01-12 14:40:21,092 - INFO -   Processing record 84400/110162...
2026-01-12 14:40:21,169 - INFO -   Processing record 84500/110162...
2026-01-12 14:40:21,313 - INFO -   Processing record 84600/110162...
2026-01-12 14:40:21,388 - INFO -   Processing record 84700/110162...
2026-01-12 14:40:21,466 - INFO -   Processing record 84800/110162...
2026-01-12 14:40:21,546 - INFO -   Processing record 84900/110162...
2026-01-12 14:40:21,622 - INFO -   Processing record 85000/110162...
2026-01-12 14:40:21,708 - INFO -   Processing record 85100/110162...
2026-01-12 14:40:21,783 - INFO -   Processing record 85200/110162...
2026-01-12 14:40:21,872 - INFO -   Processing record 85300/110162...
2026-01-12 14:40:21,944 - INFO -   Processing record 85400/110162...
2026-01-12 14:40:22,022 - INFO -   Processing record 85500/110162...
2026-01-12 14:40:22,115 - INFO -   Processing record 85600/110162...
2026-01-12 14:40:22,205 - INFO -   Processing record 85700/110162...
2026-01-12 14:40:22,300 - INFO -   Processing record 85800/110162...
2026-01-12 14:40:22,381 - INFO -   Processing record 85900/110162...
2026-01-12 14:40:22,461 - INFO -   Processing record 86000/110162...
2026-01-12 14:40:22,550 - INFO -   Processing record 86100/110162...
2026-01-12 14:40:22,633 - INFO -   Processing record 86200/110162...
2026-01-12 14:40:22,714 - INFO -   Processing record 86300/110162...
2026-01-12 14:40:22,793 - INFO -   Processing record 86400/110162...
2026-01-12 14:40:22,868 - INFO -   Processing record 86500/110162...
2026-01-12 14:40:22,953 - INFO -   Processing record 86600/110162...
2026-01-12 14:40:23,033 - INFO -   Processing record 86700/110162...
2026-01-12 14:40:23,111 - INFO -   Processing record 86800/110162...
2026-01-12 14:40:23,187 - INFO -   Processing record 86900/110162...
2026-01-12 14:40:23,264 - INFO -   Processing record 87000/110162...
2026-01-12 14:40:23,343 - INFO -   Processing record 87100/110162...
2026-01-12 14:40:23,422 - INFO -   Processing record 87200/110162...
2026-01-12 14:40:23,501 - INFO -   Processing record 87300/110162...
2026-01-12 14:40:23,579 - INFO -   Processing record 87400/110162...
2026-01-12 14:40:23,659 - INFO -   Processing record 87500/110162...
2026-01-12 14:40:23,736 - INFO -   Processing record 87600/110162...
2026-01-12 14:40:23,814 - INFO -   Processing record 87700/110162...
2026-01-12 14:40:23,896 - INFO -   Processing record 87800/110162...
2026-01-12 14:40:23,969 - INFO -   Processing record 87900/110162...
2026-01-12 14:40:24,047 - INFO -   Processing record 88000/110162...
2026-01-12 14:40:24,125 - INFO -   Processing record 88100/110162...
2026-01-12 14:40:24,297 - INFO -   Processing record 88200/110162...
2026-01-12 14:40:24,370 - INFO -   Processing record 88300/110162...
2026-01-12 14:40:24,448 - INFO -   Processing record 88400/110162...
2026-01-12 14:40:24,524 - INFO -   Processing record 88500/110162...
2026-01-12 14:40:24,602 - INFO -   Processing record 88600/110162...
2026-01-12 14:40:24,676 - INFO -   Processing record 88700/110162...
2026-01-12 14:40:24,759 - INFO -   Processing record 88800/110162...
2026-01-12 14:40:24,836 - INFO -   Processing record 88900/110162...
2026-01-12 14:40:24,912 - INFO -   Processing record 89000/110162...
2026-01-12 14:40:24,990 - INFO -   Processing record 89100/110162...
2026-01-12 14:40:25,071 - INFO -   Processing record 89200/110162...
2026-01-12 14:40:25,149 - INFO -   Processing record 89300/110162...
2026-01-12 14:40:25,225 - INFO -   Processing record 89400/110162...
2026-01-12 14:40:25,299 - INFO -   Processing record 89500/110162...
2026-01-12 14:40:25,373 - INFO -   Processing record 89600/110162...
2026-01-12 14:40:25,454 - INFO -   Processing record 89700/110162...
2026-01-12 14:40:25,531 - INFO -   Processing record 89800/110162...
2026-01-12 14:40:25,608 - INFO -   Processing record 89900/110162...
2026-01-12 14:40:25,683 - INFO -   Processing record 90000/110162...
2026-01-12 14:40:25,757 - INFO -   Processing record 90100/110162...
2026-01-12 14:40:25,832 - INFO -   Processing record 90200/110162...
2026-01-12 14:40:25,906 - INFO -   Processing record 90300/110162...
2026-01-12 14:40:25,985 - INFO -   Processing record 90400/110162...
2026-01-12 14:40:26,060 - INFO -   Processing record 90500/110162...
2026-01-12 14:40:26,139 - INFO -   Processing record 90600/110162...
2026-01-12 14:40:26,219 - INFO -   Processing record 90700/110162...
2026-01-12 14:40:26,294 - INFO -   Processing record 90800/110162...
2026-01-12 14:40:26,370 - INFO -   Processing record 90900/110162...
2026-01-12 14:40:26,451 - INFO -   Processing record 91000/110162...
2026-01-12 14:40:26,533 - INFO -   Processing record 91100/110162...
2026-01-12 14:40:26,617 - INFO -   Processing record 91200/110162...
2026-01-12 14:40:26,695 - INFO -   Processing record 91300/110162...
2026-01-12 14:40:26,776 - INFO -   Processing record 91400/110162...
2026-01-12 14:40:26,851 - INFO -   Processing record 91500/110162...
2026-01-12 14:40:26,925 - INFO -   Processing record 91600/110162...
2026-01-12 14:40:27,000 - INFO -   Processing record 91700/110162...
2026-01-12 14:40:27,142 - INFO -   Processing record 91800/110162...
2026-01-12 14:40:27,215 - INFO -   Processing record 91900/110162...
2026-01-12 14:40:27,293 - INFO -   Processing record 92000/110162...
2026-01-12 14:40:27,373 - INFO -   Processing record 92100/110162...
2026-01-12 14:40:27,451 - INFO -   Processing record 92200/110162...
2026-01-12 14:40:27,528 - INFO -   Processing record 92300/110162...
2026-01-12 14:40:27,600 - INFO -   Processing record 92400/110162...
2026-01-12 14:40:27,681 - INFO -   Processing record 92500/110162...
2026-01-12 14:40:27,754 - INFO -   Processing record 92600/110162...
2026-01-12 14:40:27,825 - INFO -   Processing record 92700/110162...
2026-01-12 14:40:27,902 - INFO -   Processing record 92800/110162...
2026-01-12 14:40:27,979 - INFO -   Processing record 92900/110162...
2026-01-12 14:40:28,059 - INFO -   Processing record 93000/110162...
2026-01-12 14:40:28,136 - INFO -   Processing record 93100/110162...
2026-01-12 14:40:28,211 - INFO -   Processing record 93200/110162...
2026-01-12 14:40:28,287 - INFO -   Processing record 93300/110162...
2026-01-12 14:40:28,366 - INFO -   Processing record 93400/110162...
2026-01-12 14:40:28,446 - INFO -   Processing record 93500/110162...
2026-01-12 14:40:28,523 - INFO -   Processing record 93600/110162...
2026-01-12 14:40:28,600 - INFO -   Processing record 93700/110162...
2026-01-12 14:40:28,680 - INFO -   Processing record 93800/110162...
2026-01-12 14:40:28,772 - INFO -   Processing record 93900/110162...
2026-01-12 14:40:28,855 - INFO -   Processing record 94000/110162...
2026-01-12 14:40:28,939 - INFO -   Processing record 94100/110162...
2026-01-12 14:40:29,019 - INFO -   Processing record 94200/110162...
2026-01-12 14:40:29,097 - INFO -   Processing record 94300/110162...
2026-01-12 14:40:29,182 - INFO -   Processing record 94400/110162...
2026-01-12 14:40:29,259 - INFO -   Processing record 94500/110162...
2026-01-12 14:40:29,337 - INFO -   Processing record 94600/110162...
2026-01-12 14:40:29,424 - INFO -   Processing record 94700/110162...
2026-01-12 14:40:29,518 - INFO -   Processing record 94800/110162...
2026-01-12 14:40:29,608 - INFO -   Processing record 94900/110162...
2026-01-12 14:40:29,745 - INFO -   Processing record 95000/110162...
2026-01-12 14:40:29,839 - INFO -   Processing record 95100/110162...
2026-01-12 14:40:29,952 - INFO -   Processing record 95200/110162...
2026-01-12 14:40:30,060 - INFO -   Processing record 95300/110162...
2026-01-12 14:40:30,206 - INFO -   Processing record 95400/110162...
2026-01-12 14:40:30,288 - INFO -   Processing record 95500/110162...
2026-01-12 14:40:30,366 - INFO -   Processing record 95600/110162...
2026-01-12 14:40:30,442 - INFO -   Processing record 95700/110162...
2026-01-12 14:40:30,519 - INFO -   Processing record 95800/110162...
2026-01-12 14:40:30,600 - INFO -   Processing record 95900/110162...
2026-01-12 14:40:30,677 - INFO -   Processing record 96000/110162...
2026-01-12 14:40:30,771 - INFO -   Processing record 96100/110162...
2026-01-12 14:40:30,950 - INFO -   Processing record 96200/110162...
2026-01-12 14:40:31,040 - INFO -   Processing record 96300/110162...
2026-01-12 14:40:31,128 - INFO -   Processing record 96400/110162...
2026-01-12 14:40:31,210 - INFO -   Processing record 96500/110162...
2026-01-12 14:40:31,303 - INFO -   Processing record 96600/110162...
2026-01-12 14:40:31,389 - INFO -   Processing record 96700/110162...
2026-01-12 14:40:31,470 - INFO -   Processing record 96800/110162...
2026-01-12 14:40:31,547 - INFO -   Processing record 96900/110162...
2026-01-12 14:40:31,628 - INFO -   Processing record 97000/110162...
2026-01-12 14:40:31,712 - INFO -   Processing record 97100/110162...
2026-01-12 14:40:31,795 - INFO -   Processing record 97200/110162...
2026-01-12 14:40:31,875 - INFO -   Processing record 97300/110162...
2026-01-12 14:40:31,955 - INFO -   Processing record 97400/110162...
2026-01-12 14:40:32,030 - INFO -   Processing record 97500/110162...
2026-01-12 14:40:32,109 - INFO -   Processing record 97600/110162...
2026-01-12 14:40:32,197 - INFO -   Processing record 97700/110162...
2026-01-12 14:40:32,283 - INFO -   Processing record 97800/110162...
2026-01-12 14:40:32,367 - INFO -   Processing record 97900/110162...
2026-01-12 14:40:32,451 - INFO -   Processing record 98000/110162...
2026-01-12 14:40:32,534 - INFO -   Processing record 98100/110162...
2026-01-12 14:40:32,623 - INFO -   Processing record 98200/110162...
2026-01-12 14:40:32,700 - INFO -   Processing record 98300/110162...
2026-01-12 14:40:32,794 - INFO -   Processing record 98400/110162...
2026-01-12 14:40:32,873 - INFO -   Processing record 98500/110162...
2026-01-12 14:40:32,947 - INFO -   Processing record 98600/110162...
2026-01-12 14:40:33,029 - INFO -   Processing record 98700/110162...
2026-01-12 14:40:33,111 - INFO -   Processing record 98800/110162...
2026-01-12 14:40:33,194 - INFO -   Processing record 98900/110162...
2026-01-12 14:40:33,340 - INFO -   Processing record 99000/110162...
2026-01-12 14:40:33,415 - INFO -   Processing record 99100/110162...
2026-01-12 14:40:33,490 - INFO -   Processing record 99200/110162...
2026-01-12 14:40:33,566 - INFO -   Processing record 99300/110162...
2026-01-12 14:40:33,645 - INFO -   Processing record 99400/110162...
2026-01-12 14:40:33,726 - INFO -   Processing record 99500/110162...
2026-01-12 14:40:33,805 - INFO -   Processing record 99600/110162...
2026-01-12 14:40:33,881 - INFO -   Processing record 99700/110162...
2026-01-12 14:40:33,958 - INFO -   Processing record 99800/110162...
2026-01-12 14:40:34,040 - INFO -   Processing record 99900/110162...
2026-01-12 14:40:34,116 - INFO -   Processing record 100000/110162...
2026-01-12 14:40:34,151 - ERROR - Error processing record: invalid input syntax for type json
LINE 6: ..., 'h1b_2024-06-28 00:00:00_109872', '2024-06-28', '{"raw_com...
                                                             ^
DETAIL:  Token "NaN" is invalid.
CONTEXT:  JSON data, line 1: ...me": "Y", "case_status": "Certified", "city": NaN...

2026-01-12 14:40:34,191 - INFO -   Processing record 100100/110162...
2026-01-12 14:40:34,271 - INFO -   Processing record 100200/110162...
2026-01-12 14:40:34,350 - INFO -   Processing record 100300/110162...
2026-01-12 14:40:34,428 - INFO -   Processing record 100400/110162...
2026-01-12 14:40:34,505 - INFO -   Processing record 100500/110162...
2026-01-12 14:40:34,587 - INFO -   Processing record 100600/110162...
2026-01-12 14:40:34,669 - INFO -   Processing record 100700/110162...
2026-01-12 14:40:34,748 - INFO -   Processing record 100800/110162...
2026-01-12 14:40:34,829 - INFO -   Processing record 100900/110162...
2026-01-12 14:40:34,905 - INFO -   Processing record 101000/110162...
2026-01-12 14:40:34,983 - INFO -   Processing record 101100/110162...
2026-01-12 14:40:35,063 - INFO -   Processing record 101200/110162...
2026-01-12 14:40:35,143 - INFO -   Processing record 101300/110162...
2026-01-12 14:40:35,221 - INFO -   Processing record 101400/110162...
2026-01-12 14:40:35,299 - INFO -   Processing record 101500/110162...
2026-01-12 14:40:35,376 - INFO -   Processing record 101600/110162...
2026-01-12 14:40:35,455 - INFO -   Processing record 101700/110162...
2026-01-12 14:40:35,537 - INFO -   Processing record 101800/110162...
2026-01-12 14:40:35,613 - INFO -   Processing record 101900/110162...
2026-01-12 14:40:35,700 - INFO -   Processing record 102000/110162...
2026-01-12 14:40:35,777 - INFO -   Processing record 102100/110162...
2026-01-12 14:40:35,853 - INFO -   Processing record 102200/110162...
2026-01-12 14:40:35,931 - INFO -   Processing record 102300/110162...
2026-01-12 14:40:36,007 - INFO -   Processing record 102400/110162...
2026-01-12 14:40:36,084 - INFO -   Processing record 102500/110162...
2026-01-12 14:40:36,225 - INFO -   Processing record 102600/110162...
2026-01-12 14:40:36,306 - INFO -   Processing record 102700/110162...
2026-01-12 14:40:36,381 - INFO -   Processing record 102800/110162...
2026-01-12 14:40:36,460 - INFO -   Processing record 102900/110162...
2026-01-12 14:40:36,540 - INFO -   Processing record 103000/110162...
2026-01-12 14:40:36,617 - INFO -   Processing record 103100/110162...
2026-01-12 14:40:36,695 - INFO -   Processing record 103200/110162...
2026-01-12 14:40:36,779 - INFO -   Processing record 103300/110162...
2026-01-12 14:40:36,858 - INFO -   Processing record 103400/110162...
2026-01-12 14:40:36,933 - INFO -   Processing record 103500/110162...
2026-01-12 14:40:37,011 - INFO -   Processing record 103600/110162...
2026-01-12 14:40:37,088 - INFO -   Processing record 103700/110162...
2026-01-12 14:40:37,165 - INFO -   Processing record 103800/110162...
2026-01-12 14:40:37,242 - INFO -   Processing record 103900/110162...
2026-01-12 14:40:37,322 - INFO -   Processing record 104000/110162...
2026-01-12 14:40:37,397 - INFO -   Processing record 104100/110162...
2026-01-12 14:40:37,475 - INFO -   Processing record 104200/110162...
2026-01-12 14:40:37,547 - INFO -   Processing record 104300/110162...
2026-01-12 14:40:37,624 - INFO -   Processing record 104400/110162...
2026-01-12 14:40:37,696 - INFO -   Processing record 104500/110162...
2026-01-12 14:40:37,775 - INFO -   Processing record 104600/110162...
2026-01-12 14:40:37,854 - INFO -   Processing record 104700/110162...
2026-01-12 14:40:37,934 - INFO -   Processing record 104800/110162...
2026-01-12 14:40:38,008 - INFO -   Processing record 104900/110162...
2026-01-12 14:40:38,085 - INFO -   Processing record 105000/110162...
2026-01-12 14:40:38,163 - INFO -   Processing record 105100/110162...
2026-01-12 14:40:38,243 - INFO -   Processing record 105200/110162...
2026-01-12 14:40:38,325 - INFO -   Processing record 105300/110162...
2026-01-12 14:40:38,405 - INFO -   Processing record 105400/110162...
2026-01-12 14:40:38,482 - INFO -   Processing record 105500/110162...
2026-01-12 14:40:38,559 - INFO -   Processing record 105600/110162...
2026-01-12 14:40:38,640 - INFO -   Processing record 105700/110162...
2026-01-12 14:40:38,720 - INFO -   Processing record 105800/110162...
2026-01-12 14:40:38,800 - INFO -   Processing record 105900/110162...
2026-01-12 14:40:38,879 - INFO -   Processing record 106000/110162...
2026-01-12 14:40:38,957 - INFO -   Processing record 106100/110162...
2026-01-12 14:40:39,105 - INFO -   Processing record 106200/110162...
2026-01-12 14:40:39,178 - INFO -   Processing record 106300/110162...
2026-01-12 14:40:39,257 - INFO -   Processing record 106400/110162...
2026-01-12 14:40:39,335 - INFO -   Processing record 106500/110162...
2026-01-12 14:40:39,414 - INFO -   Processing record 106600/110162...
2026-01-12 14:40:39,494 - INFO -   Processing record 106700/110162...
2026-01-12 14:40:39,570 - INFO -   Processing record 106800/110162...
2026-01-12 14:40:39,641 - INFO -   Processing record 106900/110162...
2026-01-12 14:40:39,713 - INFO -   Processing record 107000/110162...
2026-01-12 14:40:39,793 - INFO -   Processing record 107100/110162...
2026-01-12 14:40:39,869 - INFO -   Processing record 107200/110162...
2026-01-12 14:40:39,948 - INFO -   Processing record 107300/110162...
2026-01-12 14:40:40,026 - INFO -   Processing record 107400/110162...
2026-01-12 14:40:40,099 - INFO -   Processing record 107500/110162...
2026-01-12 14:40:40,176 - INFO -   Processing record 107600/110162...
2026-01-12 14:40:40,253 - INFO -   Processing record 107700/110162...
2026-01-12 14:40:40,332 - INFO -   Processing record 107800/110162...
2026-01-12 14:40:40,412 - INFO -   Processing record 107900/110162...
2026-01-12 14:40:40,486 - INFO -   Processing record 108000/110162...
2026-01-12 14:40:40,565 - INFO -   Processing record 108100/110162...
2026-01-12 14:40:40,641 - INFO -   Processing record 108200/110162...
2026-01-12 14:40:40,720 - INFO -   Processing record 108300/110162...
2026-01-12 14:40:40,799 - INFO -   Processing record 108400/110162...
2026-01-12 14:40:40,877 - INFO -   Processing record 108500/110162...
2026-01-12 14:40:40,948 - INFO -   Processing record 108600/110162...
2026-01-12 14:40:41,024 - INFO -   Processing record 108700/110162...
2026-01-12 14:40:41,102 - INFO -   Processing record 108800/110162...
2026-01-12 14:40:41,182 - INFO -   Processing record 108900/110162...
2026-01-12 14:40:41,256 - INFO -   Processing record 109000/110162...
2026-01-12 14:40:41,331 - INFO -   Processing record 109100/110162...
2026-01-12 14:40:41,414 - INFO -   Processing record 109200/110162...
2026-01-12 14:40:41,496 - INFO -   Processing record 109300/110162...
2026-01-12 14:40:41,573 - INFO -   Processing record 109400/110162...
2026-01-12 14:40:41,649 - INFO -   Processing record 109500/110162...
2026-01-12 14:40:41,724 - INFO -   Processing record 109600/110162...
2026-01-12 14:40:41,802 - INFO -   Processing record 109700/110162...
2026-01-12 14:40:41,947 - INFO -   Processing record 109800/110162...
2026-01-12 14:40:42,030 - INFO -   Processing record 109900/110162...
2026-01-12 14:40:42,108 - INFO -   Processing record 110000/110162...
2026-01-12 14:40:42,180 - INFO -   Processing record 110100/110162...
2026-01-12 14:40:42,227 - INFO - 
============================================================
2026-01-12 14:40:42,227 - INFO - INGESTION COMPLETE
2026-01-12 14:40:42,227 - INFO - ============================================================
2026-01-12 14:40:42,227 - INFO - Records fetched:              120,897
2026-01-12 14:40:42,227 - INFO - Records processed:            110,162
2026-01-12 14:40:42,227 - INFO - Observed jobs created:        66,138
2026-01-12 14:40:42,228 - INFO - Compensation obs created:     66,138
2026-01-12 14:40:42,228 - INFO - Skipped (no role match):      43,896
2026-01-12 14:40:42,228 - INFO - Errors:                       128
2026-01-12 14:40:42,228 - INFO - 
2026-01-12 14:40:42,228 - INFO - ✓ SUCCESS: H-1B data loaded into database
2026-01-12 14:40:42,228 - INFO - 
2026-01-12 14:40:42,228 - INFO - Next steps:
2026-01-12 14:40:42,228 - INFO -   1. Run: psql jobs_comprehensive
2026-01-12 14:40:42,228 - INFO -   2. Query: SELECT * FROM observed_jobs WHERE source_id = (SELECT id FROM sources WHERE name = 'h1b_visa');
2026-01-12 14:40:42,228 - INFO -   3. Or use Python: from database import DatabaseManager; db = DatabaseManager(); ...
2026-01-12 14:40:42,313 - INFO - All database connections closed
