2026-01-12 15:50:17,320 - INFO - Database pool initialized: jobs_comprehensive
2026-01-12 15:50:17,322 - INFO - Loaded 45 canonical roles from database
2026-01-12 15:50:17,323 - INFO - ============================================================
2026-01-12 15:50:17,323 - INFO - PERM VISA INGESTION PIPELINE
2026-01-12 15:50:17,323 - INFO - ============================================================
2026-01-12 15:50:17,323 - INFO - Year: 2024
2026-01-12 15:50:17,323 - INFO - Limit: None (all records)
2026-01-12 15:50:17,323 - INFO - 
2026-01-12 15:50:17,323 - INFO - Step 1: Fetching PERM visa data...
2026-01-12 15:50:17,323 - INFO - Loading PERM data from cache: ./data/perm_cache/perm_2024.xlsx
2026-01-12 15:50:53,139 - INFO - Loaded 92258 PERM records for 2024
2026-01-12 15:50:53,222 - INFO - ✓ Fetched 92258 records
2026-01-12 15:50:53,223 - INFO - 
Step 2: Converting to standard format...
2026-01-12 15:50:58,693 - INFO - Converted 86313 PERM records to standard format
2026-01-12 15:50:58,753 - INFO - ✓ Converted 86313 certified records with salaries
2026-01-12 15:50:58,753 - INFO - 
Step 3: Ingesting into database...
2026-01-12 15:50:58,925 - INFO -   Processing record 100/86313...
2026-01-12 15:50:59,038 - INFO -   Processing record 200/86313...
2026-01-12 15:50:59,143 - INFO -   Processing record 300/86313...
2026-01-12 15:50:59,226 - INFO -   Processing record 400/86313...
2026-01-12 15:50:59,315 - INFO -   Processing record 500/86313...
2026-01-12 15:50:59,427 - INFO -   Processing record 600/86313...
2026-01-12 15:50:59,532 - INFO -   Processing record 700/86313...
2026-01-12 15:50:59,621 - INFO -   Processing record 800/86313...
2026-01-12 15:50:59,709 - INFO -   Processing record 900/86313...
2026-01-12 15:50:59,816 - INFO -   Processing record 1000/86313...
2026-01-12 15:50:59,923 - INFO -   Processing record 1100/86313...
2026-01-12 15:51:00,001 - INFO -   Processing record 1200/86313...
2026-01-12 15:51:00,072 - INFO -   Processing record 1300/86313...
2026-01-12 15:51:00,167 - INFO -   Processing record 1400/86313...
2026-01-12 15:51:00,264 - INFO -   Processing record 1500/86313...
2026-01-12 15:51:00,355 - INFO -   Processing record 1600/86313...
2026-01-12 15:51:00,434 - INFO -   Processing record 1700/86313...
2026-01-12 15:51:00,506 - INFO -   Processing record 1800/86313...
2026-01-12 15:51:00,605 - INFO -   Processing record 1900/86313...
2026-01-12 15:51:00,702 - INFO -   Processing record 2000/86313...
2026-01-12 15:51:00,930 - INFO -   Processing record 2100/86313...
2026-01-12 15:51:00,987 - INFO -   Processing record 2200/86313...
2026-01-12 15:51:01,061 - INFO -   Processing record 2300/86313...
2026-01-12 15:51:01,162 - INFO -   Processing record 2400/86313...
2026-01-12 15:51:01,262 - INFO -   Processing record 2500/86313...
2026-01-12 15:51:01,358 - INFO -   Processing record 2600/86313...
2026-01-12 15:51:01,447 - INFO -   Processing record 2700/86313...
2026-01-12 15:51:01,520 - INFO -   Processing record 2800/86313...
2026-01-12 15:51:01,600 - INFO -   Processing record 2900/86313...
2026-01-12 15:51:01,700 - INFO -   Processing record 3000/86313...
2026-01-12 15:51:01,793 - INFO -   Processing record 3100/86313...
2026-01-12 15:51:01,871 - INFO -   Processing record 3200/86313...
2026-01-12 15:51:01,934 - INFO -   Processing record 3300/86313...
2026-01-12 15:51:02,006 - INFO -   Processing record 3400/86313...
2026-01-12 15:51:02,107 - INFO -   Processing record 3500/86313...
2026-01-12 15:51:02,202 - INFO -   Processing record 3600/86313...
2026-01-12 15:51:02,298 - INFO -   Processing record 3700/86313...
2026-01-12 15:51:02,365 - INFO -   Processing record 3800/86313...
2026-01-12 15:51:02,446 - INFO -   Processing record 3900/86313...
2026-01-12 15:51:02,539 - INFO -   Processing record 4000/86313...
2026-01-12 15:51:02,634 - INFO -   Processing record 4100/86313...
2026-01-12 15:51:02,706 - INFO -   Processing record 4200/86313...
2026-01-12 15:51:02,790 - INFO -   Processing record 4300/86313...
2026-01-12 15:51:02,863 - INFO -   Processing record 4400/86313...
2026-01-12 15:51:02,962 - INFO -   Processing record 4500/86313...
2026-01-12 15:51:03,049 - INFO -   Processing record 4600/86313...
2026-01-12 15:51:03,140 - INFO -   Processing record 4700/86313...
2026-01-12 15:51:03,229 - INFO -   Processing record 4800/86313...
2026-01-12 15:51:03,317 - INFO -   Processing record 4900/86313...
2026-01-12 15:51:03,417 - INFO -   Processing record 5000/86313...
2026-01-12 15:51:03,518 - INFO -   Processing record 5100/86313...
2026-01-12 15:51:03,596 - INFO -   Processing record 5200/86313...
2026-01-12 15:51:03,661 - INFO -   Processing record 5300/86313...
2026-01-12 15:51:03,745 - INFO -   Processing record 5400/86313...
2026-01-12 15:51:03,832 - INFO -   Processing record 5500/86313...
2026-01-12 15:51:03,927 - INFO -   Processing record 5600/86313...
2026-01-12 15:51:04,092 - INFO -   Processing record 5700/86313...
2026-01-12 15:51:04,166 - INFO -   Processing record 5800/86313...
2026-01-12 15:51:04,248 - INFO -   Processing record 5900/86313...
2026-01-12 15:51:04,340 - INFO -   Processing record 6000/86313...
2026-01-12 15:51:04,440 - INFO -   Processing record 6100/86313...
2026-01-12 15:51:04,531 - INFO -   Processing record 6200/86313...
2026-01-12 15:51:04,606 - INFO -   Processing record 6300/86313...
2026-01-12 15:51:04,686 - INFO -   Processing record 6400/86313...
2026-01-12 15:51:04,782 - INFO -   Processing record 6500/86313...
2026-01-12 15:51:04,882 - INFO -   Processing record 6600/86313...
2026-01-12 15:51:04,974 - INFO -   Processing record 6700/86313...
2026-01-12 15:51:05,044 - INFO -   Processing record 6800/86313...
2026-01-12 15:51:05,133 - INFO -   Processing record 6900/86313...
2026-01-12 15:51:05,229 - INFO -   Processing record 7000/86313...
2026-01-12 15:51:05,328 - INFO -   Processing record 7100/86313...
2026-01-12 15:51:05,414 - INFO -   Processing record 7200/86313...
2026-01-12 15:51:05,481 - INFO -   Processing record 7300/86313...
2026-01-12 15:51:05,574 - INFO -   Processing record 7400/86313...
2026-01-12 15:51:05,674 - INFO -   Processing record 7500/86313...
2026-01-12 15:51:05,768 - INFO -   Processing record 7600/86313...
2026-01-12 15:51:05,848 - INFO -   Processing record 7700/86313...
2026-01-12 15:51:05,917 - INFO -   Processing record 7800/86313...
2026-01-12 15:51:05,994 - INFO -   Processing record 7900/86313...
2026-01-12 15:51:06,091 - INFO -   Processing record 8000/86313...
2026-01-12 15:51:06,191 - INFO -   Processing record 8100/86313...
2026-01-12 15:51:06,295 - INFO -   Processing record 8200/86313...
2026-01-12 15:51:06,385 - INFO -   Processing record 8300/86313...
2026-01-12 15:51:06,449 - INFO -   Processing record 8400/86313...
2026-01-12 15:51:06,527 - INFO -   Processing record 8500/86313...
2026-01-12 15:51:06,629 - INFO -   Processing record 8600/86313...
2026-01-12 15:51:06,722 - INFO -   Processing record 8700/86313...
2026-01-12 15:51:06,810 - INFO -   Processing record 8800/86313...
2026-01-12 15:51:06,886 - INFO -   Processing record 8900/86313...
2026-01-12 15:51:06,958 - INFO -   Processing record 9000/86313...
2026-01-12 15:51:07,051 - INFO -   Processing record 9100/86313...
2026-01-12 15:51:07,149 - INFO -   Processing record 9200/86313...
2026-01-12 15:51:07,307 - INFO -   Processing record 9300/86313...
2026-01-12 15:51:07,377 - INFO -   Processing record 9400/86313...
2026-01-12 15:51:07,473 - INFO -   Processing record 9500/86313...
2026-01-12 15:51:07,567 - INFO -   Processing record 9600/86313...
2026-01-12 15:51:07,630 - INFO -   Processing record 9700/86313...
2026-01-12 15:51:07,719 - INFO -   Processing record 9800/86313...
2026-01-12 15:51:07,801 - INFO -   Processing record 9900/86313...
2026-01-12 15:51:07,887 - INFO -   Processing record 10000/86313...
2026-01-12 15:51:07,978 - INFO -   Processing record 10100/86313...
2026-01-12 15:51:08,055 - INFO -   Processing record 10200/86313...
2026-01-12 15:51:08,152 - INFO -   Processing record 10300/86313...
2026-01-12 15:51:08,251 - INFO -   Processing record 10400/86313...
2026-01-12 15:51:08,329 - INFO -   Processing record 10500/86313...
2026-01-12 15:51:08,409 - INFO -   Processing record 10600/86313...
2026-01-12 15:51:08,509 - INFO -   Processing record 10700/86313...
2026-01-12 15:51:08,607 - INFO -   Processing record 10800/86313...
2026-01-12 15:51:08,698 - INFO -   Processing record 10900/86313...
2026-01-12 15:51:08,765 - INFO -   Processing record 11000/86313...
2026-01-12 15:51:08,855 - INFO -   Processing record 11100/86313...
2026-01-12 15:51:08,941 - INFO -   Processing record 11200/86313...
2026-01-12 15:51:09,011 - INFO -   Processing record 11300/86313...
2026-01-12 15:51:09,101 - INFO -   Processing record 11400/86313...
2026-01-12 15:51:09,198 - INFO -   Processing record 11500/86313...
2026-01-12 15:51:09,295 - INFO -   Processing record 11600/86313...
2026-01-12 15:51:09,362 - INFO -   Processing record 11700/86313...
2026-01-12 15:51:09,441 - INFO -   Processing record 11800/86313...
2026-01-12 15:51:09,536 - INFO -   Processing record 11900/86313...
2026-01-12 15:51:09,634 - INFO -   Processing record 12000/86313...
2026-01-12 15:51:09,731 - INFO -   Processing record 12100/86313...
2026-01-12 15:51:09,806 - INFO -   Processing record 12200/86313...
2026-01-12 15:51:09,874 - INFO -   Processing record 12300/86313...
2026-01-12 15:51:09,968 - INFO -   Processing record 12400/86313...
2026-01-12 15:51:10,060 - INFO -   Processing record 12500/86313...
2026-01-12 15:51:10,143 - INFO -   Processing record 12600/86313...
2026-01-12 15:51:10,209 - INFO -   Processing record 12700/86313...
2026-01-12 15:51:10,282 - INFO -   Processing record 12800/86313...
2026-01-12 15:51:10,443 - INFO -   Processing record 12900/86313...
2026-01-12 15:51:10,543 - INFO -   Processing record 13000/86313...
2026-01-12 15:51:10,634 - INFO -   Processing record 13100/86313...
2026-01-12 15:51:10,701 - INFO -   Processing record 13200/86313...
2026-01-12 15:51:10,782 - INFO -   Processing record 13300/86313...
2026-01-12 15:51:10,874 - INFO -   Processing record 13400/86313...
2026-01-12 15:51:10,981 - INFO -   Processing record 13500/86313...
2026-01-12 15:51:11,072 - INFO -   Processing record 13600/86313...
2026-01-12 15:51:11,164 - INFO -   Processing record 13700/86313...
2026-01-12 15:51:11,239 - INFO -   Processing record 13800/86313...
2026-01-12 15:51:11,327 - INFO -   Processing record 13900/86313...
2026-01-12 15:51:11,428 - INFO -   Processing record 14000/86313...
2026-01-12 15:51:11,517 - INFO -   Processing record 14100/86313...
2026-01-12 15:51:11,607 - INFO -   Processing record 14200/86313...
2026-01-12 15:51:11,681 - INFO -   Processing record 14300/86313...
2026-01-12 15:51:11,760 - INFO -   Processing record 14400/86313...
2026-01-12 15:51:11,849 - INFO -   Processing record 14500/86313...
2026-01-12 15:51:11,944 - INFO -   Processing record 14600/86313...
2026-01-12 15:51:12,026 - INFO -   Processing record 14700/86313...
2026-01-12 15:51:12,101 - INFO -   Processing record 14800/86313...
2026-01-12 15:51:12,167 - INFO -   Processing record 14900/86313...
2026-01-12 15:51:12,251 - INFO -   Processing record 15000/86313...
2026-01-12 15:51:12,347 - INFO -   Processing record 15100/86313...
2026-01-12 15:51:12,444 - INFO -   Processing record 15200/86313...
2026-01-12 15:51:12,505 - INFO -   Processing record 15300/86313...
2026-01-12 15:51:12,598 - INFO -   Processing record 15400/86313...
2026-01-12 15:51:12,673 - INFO -   Processing record 15500/86313...
2026-01-12 15:51:12,751 - INFO -   Processing record 15600/86313...
2026-01-12 15:51:12,850 - INFO -   Processing record 15700/86313...
2026-01-12 15:51:12,923 - INFO -   Processing record 15800/86313...
2026-01-12 15:51:13,008 - INFO -   Processing record 15900/86313...
2026-01-12 15:51:13,096 - INFO -   Processing record 16000/86313...
2026-01-12 15:51:13,163 - INFO -   Processing record 16100/86313...
2026-01-12 15:51:13,244 - INFO -   Processing record 16200/86313...
2026-01-12 15:51:13,334 - INFO -   Processing record 16300/86313...
2026-01-12 15:51:13,428 - INFO -   Processing record 16400/86313...
2026-01-12 15:51:13,555 - INFO -   Processing record 16500/86313...
2026-01-12 15:51:13,649 - INFO -   Processing record 16600/86313...
2026-01-12 15:51:13,747 - INFO -   Processing record 16700/86313...
2026-01-12 15:51:13,830 - INFO -   Processing record 16800/86313...
2026-01-12 15:51:13,911 - INFO -   Processing record 16900/86313...
2026-01-12 15:51:14,005 - INFO -   Processing record 17000/86313...
2026-01-12 15:51:14,094 - INFO -   Processing record 17100/86313...
2026-01-12 15:51:14,186 - INFO -   Processing record 17200/86313...
2026-01-12 15:51:14,261 - INFO -   Processing record 17300/86313...
2026-01-12 15:51:14,346 - INFO -   Processing record 17400/86313...
2026-01-12 15:51:14,432 - INFO -   Processing record 17500/86313...
2026-01-12 15:51:14,514 - INFO -   Processing record 17600/86313...
2026-01-12 15:51:14,617 - INFO -   Processing record 17700/86313...
2026-01-12 15:51:14,705 - INFO -   Processing record 17800/86313...
2026-01-12 15:51:14,769 - INFO -   Processing record 17900/86313...
2026-01-12 15:51:14,869 - INFO -   Processing record 18000/86313...
2026-01-12 15:51:14,966 - INFO -   Processing record 18100/86313...
2026-01-12 15:51:15,039 - INFO -   Processing record 18200/86313...
2026-01-12 15:51:15,122 - INFO -   Processing record 18300/86313...
2026-01-12 15:51:15,222 - INFO -   Processing record 18400/86313...
2026-01-12 15:51:15,305 - INFO -   Processing record 18500/86313...
2026-01-12 15:51:15,381 - INFO -   Processing record 18600/86313...
2026-01-12 15:51:15,477 - INFO -   Processing record 18700/86313...
2026-01-12 15:51:15,578 - INFO -   Processing record 18800/86313...
2026-01-12 15:51:15,667 - INFO -   Processing record 18900/86313...
2026-01-12 15:51:15,748 - INFO -   Processing record 19000/86313...
2026-01-12 15:51:15,844 - INFO -   Processing record 19100/86313...
2026-01-12 15:51:15,939 - INFO -   Processing record 19200/86313...
2026-01-12 15:51:16,018 - INFO -   Processing record 19300/86313...
2026-01-12 15:51:16,102 - INFO -   Processing record 19400/86313...
2026-01-12 15:51:16,205 - INFO -   Processing record 19500/86313...
2026-01-12 15:51:16,303 - INFO -   Processing record 19600/86313...
2026-01-12 15:51:16,376 - INFO -   Processing record 19700/86313...
2026-01-12 15:51:16,466 - INFO -   Processing record 19800/86313...
2026-01-12 15:51:16,562 - INFO -   Processing record 19900/86313...
2026-01-12 15:51:16,648 - INFO -   Processing record 20000/86313...
2026-01-12 15:51:16,780 - INFO -   Processing record 20100/86313...
2026-01-12 15:51:16,885 - INFO -   Processing record 20200/86313...
2026-01-12 15:51:16,966 - INFO -   Processing record 20300/86313...
2026-01-12 15:51:17,059 - INFO -   Processing record 20400/86313...
2026-01-12 15:51:17,133 - INFO -   Processing record 20500/86313...
2026-01-12 15:51:17,206 - INFO -   Processing record 20600/86313...
2026-01-12 15:51:17,298 - INFO -   Processing record 20700/86313...
2026-01-12 15:51:17,383 - INFO -   Processing record 20800/86313...
2026-01-12 15:51:17,476 - INFO -   Processing record 20900/86313...
2026-01-12 15:51:17,574 - INFO -   Processing record 21000/86313...
2026-01-12 15:51:17,652 - INFO -   Processing record 21100/86313...
2026-01-12 15:51:17,735 - INFO -   Processing record 21200/86313...
2026-01-12 15:51:17,826 - INFO -   Processing record 21300/86313...
2026-01-12 15:51:17,899 - INFO -   Processing record 21400/86313...
2026-01-12 15:51:17,999 - INFO -   Processing record 21500/86313...
2026-01-12 15:51:18,073 - INFO -   Processing record 21600/86313...
2026-01-12 15:51:18,157 - INFO -   Processing record 21700/86313...
2026-01-12 15:51:18,254 - INFO -   Processing record 21800/86313...
2026-01-12 15:51:18,330 - INFO -   Processing record 21900/86313...
2026-01-12 15:51:18,397 - INFO -   Processing record 22000/86313...
2026-01-12 15:51:18,489 - INFO -   Processing record 22100/86313...
2026-01-12 15:51:18,585 - INFO -   Processing record 22200/86313...
2026-01-12 15:51:18,673 - INFO -   Processing record 22300/86313...
2026-01-12 15:51:18,739 - INFO -   Processing record 22400/86313...
2026-01-12 15:51:18,830 - INFO -   Processing record 22500/86313...
2026-01-12 15:51:18,930 - INFO -   Processing record 22600/86313...
2026-01-12 15:51:19,022 - INFO -   Processing record 22700/86313...
2026-01-12 15:51:19,092 - INFO -   Processing record 22800/86313...
2026-01-12 15:51:19,180 - INFO -   Processing record 22900/86313...
2026-01-12 15:51:19,256 - INFO -   Processing record 23000/86313...
2026-01-12 15:51:19,332 - INFO -   Processing record 23100/86313...
2026-01-12 15:51:19,411 - INFO -   Processing record 23200/86313...
2026-01-12 15:51:19,493 - INFO -   Processing record 23300/86313...
2026-01-12 15:51:19,574 - INFO -   Processing record 23400/86313...
2026-01-12 15:51:19,654 - INFO -   Processing record 23500/86313...
2026-01-12 15:51:19,737 - INFO -   Processing record 23600/86313...
2026-01-12 15:51:19,893 - INFO -   Processing record 23700/86313...
2026-01-12 15:51:19,992 - INFO -   Processing record 23800/86313...
2026-01-12 15:51:20,076 - INFO -   Processing record 23900/86313...
2026-01-12 15:51:20,156 - INFO -   Processing record 24000/86313...
2026-01-12 15:51:20,242 - INFO -   Processing record 24100/86313...
2026-01-12 15:51:20,340 - INFO -   Processing record 24200/86313...
2026-01-12 15:51:20,441 - INFO -   Processing record 24300/86313...
2026-01-12 15:51:20,535 - INFO -   Processing record 24400/86313...
2026-01-12 15:51:20,612 - INFO -   Processing record 24500/86313...
2026-01-12 15:51:20,701 - INFO -   Processing record 24600/86313...
2026-01-12 15:51:20,792 - INFO -   Processing record 24700/86313...
2026-01-12 15:51:20,886 - INFO -   Processing record 24800/86313...
2026-01-12 15:51:20,970 - INFO -   Processing record 24900/86313...
2026-01-12 15:51:21,037 - INFO -   Processing record 25000/86313...
2026-01-12 15:51:21,127 - INFO -   Processing record 25100/86313...
2026-01-12 15:51:21,224 - INFO -   Processing record 25200/86313...
2026-01-12 15:51:21,314 - INFO -   Processing record 25300/86313...
2026-01-12 15:51:21,385 - INFO -   Processing record 25400/86313...
2026-01-12 15:51:21,473 - INFO -   Processing record 25500/86313...
2026-01-12 15:51:21,564 - INFO -   Processing record 25600/86313...
2026-01-12 15:51:21,650 - INFO -   Processing record 25700/86313...
2026-01-12 15:51:21,736 - INFO -   Processing record 25800/86313...
2026-01-12 15:51:21,805 - INFO -   Processing record 25900/86313...
2026-01-12 15:51:21,904 - INFO -   Processing record 26000/86313...
2026-01-12 15:51:21,982 - INFO -   Processing record 26100/86313...
2026-01-12 15:51:22,064 - INFO -   Processing record 26200/86313...
2026-01-12 15:51:22,128 - INFO -   Processing record 26300/86313...
2026-01-12 15:51:22,213 - INFO -   Processing record 26400/86313...
2026-01-12 15:51:22,300 - INFO -   Processing record 26500/86313...
2026-01-12 15:51:22,375 - INFO -   Processing record 26600/86313...
2026-01-12 15:51:22,465 - INFO -   Processing record 26700/86313...
2026-01-12 15:51:22,543 - INFO -   Processing record 26800/86313...
2026-01-12 15:51:22,637 - INFO -   Processing record 26900/86313...
2026-01-12 15:51:22,710 - INFO -   Processing record 27000/86313...
2026-01-12 15:51:22,795 - INFO -   Processing record 27100/86313...
2026-01-12 15:51:22,866 - INFO -   Processing record 27200/86313...
2026-01-12 15:51:23,018 - INFO -   Processing record 27300/86313...
2026-01-12 15:51:23,113 - INFO -   Processing record 27400/86313...
2026-01-12 15:51:23,205 - INFO -   Processing record 27500/86313...
2026-01-12 15:51:23,282 - INFO -   Processing record 27600/86313...
2026-01-12 15:51:23,375 - INFO -   Processing record 27700/86313...
2026-01-12 15:51:23,476 - INFO -   Processing record 27800/86313...
2026-01-12 15:51:23,570 - INFO -   Processing record 27900/86313...
2026-01-12 15:51:23,640 - INFO -   Processing record 28000/86313...
2026-01-12 15:51:23,738 - INFO -   Processing record 28100/86313...
2026-01-12 15:51:23,806 - INFO -   Processing record 28200/86313...
2026-01-12 15:51:23,890 - INFO -   Processing record 28300/86313...
2026-01-12 15:51:23,993 - INFO -   Processing record 28400/86313...
2026-01-12 15:51:24,065 - INFO -   Processing record 28500/86313...
2026-01-12 15:51:24,154 - INFO -   Processing record 28600/86313...
2026-01-12 15:51:24,231 - INFO -   Processing record 28700/86313...
2026-01-12 15:51:24,325 - INFO -   Processing record 28800/86313...
2026-01-12 15:51:24,397 - INFO -   Processing record 28900/86313...
2026-01-12 15:51:24,504 - INFO -   Processing record 29000/86313...
2026-01-12 15:51:24,598 - INFO -   Processing record 29100/86313...
2026-01-12 15:51:24,666 - INFO -   Processing record 29200/86313...
2026-01-12 15:51:24,768 - INFO -   Processing record 29300/86313...
2026-01-12 15:51:24,862 - INFO -   Processing record 29400/86313...
2026-01-12 15:51:24,952 - INFO -   Processing record 29500/86313...
2026-01-12 15:51:25,021 - INFO -   Processing record 29600/86313...
2026-01-12 15:51:25,079 - INFO -   Processing record 29700/86313...
2026-01-12 15:51:25,174 - INFO -   Processing record 29800/86313...
2026-01-12 15:51:25,269 - INFO -   Processing record 29900/86313...
2026-01-12 15:51:25,352 - INFO -   Processing record 30000/86313...
2026-01-12 15:51:25,448 - INFO -   Processing record 30100/86313...
2026-01-12 15:51:25,549 - INFO -   Processing record 30200/86313...
2026-01-12 15:51:25,636 - INFO -   Processing record 30300/86313...
2026-01-12 15:51:25,717 - INFO -   Processing record 30400/86313...
2026-01-12 15:51:25,806 - INFO -   Processing record 30500/86313...
2026-01-12 15:51:25,902 - INFO -   Processing record 30600/86313...
2026-01-12 15:51:25,994 - INFO -   Processing record 30700/86313...
2026-01-12 15:51:26,088 - INFO -   Processing record 30800/86313...
2026-01-12 15:51:26,183 - INFO -   Processing record 30900/86313...
2026-01-12 15:51:26,261 - INFO -   Processing record 31000/86313...
2026-01-12 15:51:26,357 - INFO -   Processing record 31100/86313...
2026-01-12 15:51:26,441 - INFO -   Processing record 31200/86313...
2026-01-12 15:51:26,520 - INFO -   Processing record 31300/86313...
2026-01-12 15:51:26,626 - INFO -   Processing record 31400/86313...
2026-01-12 15:51:26,703 - INFO -   Processing record 31500/86313...
2026-01-12 15:51:26,800 - INFO -   Processing record 31600/86313...
2026-01-12 15:51:26,897 - INFO -   Processing record 31700/86313...
2026-01-12 15:51:26,976 - INFO -   Processing record 31800/86313...
2026-01-12 15:51:27,072 - INFO -   Processing record 31900/86313...
2026-01-12 15:51:27,164 - INFO -   Processing record 32000/86313...
2026-01-12 15:51:27,239 - INFO -   Processing record 32100/86313...
2026-01-12 15:51:27,315 - INFO -   Processing record 32200/86313...
2026-01-12 15:51:27,410 - INFO -   Processing record 32300/86313...
2026-01-12 15:51:27,506 - INFO -   Processing record 32400/86313...
2026-01-12 15:51:27,589 - INFO -   Processing record 32500/86313...
2026-01-12 15:51:27,738 - INFO -   Processing record 32600/86313...
2026-01-12 15:51:27,815 - INFO -   Processing record 32700/86313...
2026-01-12 15:51:27,910 - INFO -   Processing record 32800/86313...
2026-01-12 15:51:28,000 - INFO -   Processing record 32900/86313...
2026-01-12 15:51:28,074 - INFO -   Processing record 33000/86313...
2026-01-12 15:51:28,145 - INFO -   Processing record 33100/86313...
2026-01-12 15:51:28,233 - INFO -   Processing record 33200/86313...
2026-01-12 15:51:28,327 - INFO -   Processing record 33300/86313...
2026-01-12 15:51:28,416 - INFO -   Processing record 33400/86313...
2026-01-12 15:51:28,498 - INFO -   Processing record 33500/86313...
2026-01-12 15:51:28,559 - INFO -   Processing record 33600/86313...
2026-01-12 15:51:28,642 - INFO -   Processing record 33700/86313...
2026-01-12 15:51:28,737 - INFO -   Processing record 33800/86313...
2026-01-12 15:51:28,837 - INFO -   Processing record 33900/86313...
2026-01-12 15:51:28,921 - INFO -   Processing record 34000/86313...
2026-01-12 15:51:28,992 - INFO -   Processing record 34100/86313...
2026-01-12 15:51:29,062 - INFO -   Processing record 34200/86313...
2026-01-12 15:51:29,148 - INFO -   Processing record 34300/86313...
2026-01-12 15:51:29,241 - INFO -   Processing record 34400/86313...
2026-01-12 15:51:29,328 - INFO -   Processing record 34500/86313...
2026-01-12 15:51:29,414 - INFO -   Processing record 34600/86313...
2026-01-12 15:51:29,483 - INFO -   Processing record 34700/86313...
2026-01-12 15:51:29,579 - INFO -   Processing record 34800/86313...
2026-01-12 15:51:29,673 - INFO -   Processing record 34900/86313...
2026-01-12 15:51:29,767 - INFO -   Processing record 35000/86313...
2026-01-12 15:51:29,841 - INFO -   Processing record 35100/86313...
2026-01-12 15:51:29,920 - INFO -   Processing record 35200/86313...
2026-01-12 15:51:30,016 - INFO -   Processing record 35300/86313...
2026-01-12 15:51:30,112 - INFO -   Processing record 35400/86313...
2026-01-12 15:51:30,205 - INFO -   Processing record 35500/86313...
2026-01-12 15:51:30,285 - INFO -   Processing record 35600/86313...
2026-01-12 15:51:30,370 - INFO -   Processing record 35700/86313...
2026-01-12 15:51:30,454 - INFO -   Processing record 35800/86313...
2026-01-12 15:51:30,550 - INFO -   Processing record 35900/86313...
2026-01-12 15:51:30,647 - INFO -   Processing record 36000/86313...
2026-01-12 15:51:30,735 - INFO -   Processing record 36100/86313...
2026-01-12 15:51:30,864 - INFO -   Processing record 36200/86313...
2026-01-12 15:51:30,926 - INFO -   Processing record 36300/86313...
2026-01-12 15:51:31,008 - INFO -   Processing record 36400/86313...
2026-01-12 15:51:31,098 - INFO -   Processing record 36500/86313...
2026-01-12 15:51:31,189 - INFO -   Processing record 36600/86313...
2026-01-12 15:51:31,255 - INFO -   Processing record 36700/86313...
2026-01-12 15:51:31,333 - INFO -   Processing record 36800/86313...
2026-01-12 15:51:31,418 - INFO -   Processing record 36900/86313...
2026-01-12 15:51:31,519 - INFO -   Processing record 37000/86313...
2026-01-12 15:51:31,615 - INFO -   Processing record 37100/86313...
2026-01-12 15:51:31,707 - INFO -   Processing record 37200/86313...
2026-01-12 15:51:31,788 - INFO -   Processing record 37300/86313...
2026-01-12 15:51:31,863 - INFO -   Processing record 37400/86313...
2026-01-12 15:51:31,953 - INFO -   Processing record 37500/86313...
2026-01-12 15:51:32,040 - INFO -   Processing record 37600/86313...
2026-01-12 15:51:32,137 - INFO -   Processing record 37700/86313...
2026-01-12 15:51:32,225 - INFO -   Processing record 37800/86313...
2026-01-12 15:51:32,296 - INFO -   Processing record 37900/86313...
2026-01-12 15:51:32,357 - INFO -   Processing record 38000/86313...
2026-01-12 15:51:32,439 - INFO -   Processing record 38100/86313...
2026-01-12 15:51:32,536 - INFO -   Processing record 38200/86313...
2026-01-12 15:51:32,627 - INFO -   Processing record 38300/86313...
2026-01-12 15:51:32,694 - INFO -   Processing record 38400/86313...
2026-01-12 15:51:32,766 - INFO -   Processing record 38500/86313...
2026-01-12 15:51:32,856 - INFO -   Processing record 38600/86313...
2026-01-12 15:51:32,958 - INFO -   Processing record 38700/86313...
2026-01-12 15:51:33,030 - INFO -   Processing record 38800/86313...
2026-01-12 15:51:33,103 - INFO -   Processing record 38900/86313...
2026-01-12 15:51:33,200 - INFO -   Processing record 39000/86313...
2026-01-12 15:51:33,304 - INFO -   Processing record 39100/86313...
2026-01-12 15:51:33,388 - INFO -   Processing record 39200/86313...
2026-01-12 15:51:33,468 - INFO -   Processing record 39300/86313...
2026-01-12 15:51:33,550 - INFO -   Processing record 39400/86313...
2026-01-12 15:51:33,642 - INFO -   Processing record 39500/86313...
2026-01-12 15:51:33,733 - INFO -   Processing record 39600/86313...
2026-01-12 15:51:33,806 - INFO -   Processing record 39700/86313...
2026-01-12 15:51:33,946 - INFO -   Processing record 39800/86313...
2026-01-12 15:51:34,032 - INFO -   Processing record 39900/86313...
2026-01-12 15:51:34,120 - INFO -   Processing record 40000/86313...
2026-01-12 15:51:34,211 - INFO -   Processing record 40100/86313...
2026-01-12 15:51:34,299 - INFO -   Processing record 40200/86313...
2026-01-12 15:51:34,375 - INFO -   Processing record 40300/86313...
2026-01-12 15:51:34,445 - INFO -   Processing record 40400/86313...
2026-01-12 15:51:34,524 - INFO -   Processing record 40500/86313...
2026-01-12 15:51:34,612 - INFO -   Processing record 40600/86313...
2026-01-12 15:51:34,704 - INFO -   Processing record 40700/86313...
2026-01-12 15:51:34,790 - INFO -   Processing record 40800/86313...
2026-01-12 15:51:34,877 - INFO -   Processing record 40900/86313...
2026-01-12 15:51:34,940 - INFO -   Processing record 41000/86313...
2026-01-12 15:51:35,007 - INFO -   Processing record 41100/86313...
2026-01-12 15:51:35,087 - INFO -   Processing record 41200/86313...
2026-01-12 15:51:35,174 - INFO -   Processing record 41300/86313...
2026-01-12 15:51:35,270 - INFO -   Processing record 41400/86313...
2026-01-12 15:51:35,355 - INFO -   Processing record 41500/86313...
2026-01-12 15:51:35,447 - INFO -   Processing record 41600/86313...
2026-01-12 15:51:35,529 - INFO -   Processing record 41700/86313...
2026-01-12 15:51:35,600 - INFO -   Processing record 41800/86313...
2026-01-12 15:51:35,670 - INFO -   Processing record 41900/86313...
2026-01-12 15:51:35,752 - INFO -   Processing record 42000/86313...
2026-01-12 15:51:35,846 - INFO -   Processing record 42100/86313...
2026-01-12 15:51:35,941 - INFO -   Processing record 42200/86313...
2026-01-12 15:51:36,038 - INFO -   Processing record 42300/86313...
2026-01-12 15:51:36,124 - INFO -   Processing record 42400/86313...
2026-01-12 15:51:36,207 - INFO -   Processing record 42500/86313...
2026-01-12 15:51:36,275 - INFO -   Processing record 42600/86313...
2026-01-12 15:51:36,339 - INFO -   Processing record 42700/86313...
2026-01-12 15:51:36,399 - INFO -   Processing record 42800/86313...
2026-01-12 15:51:36,486 - INFO -   Processing record 42900/86313...
2026-01-12 15:51:36,574 - INFO -   Processing record 43000/86313...
2026-01-12 15:51:36,668 - INFO -   Processing record 43100/86313...
2026-01-12 15:51:36,758 - INFO -   Processing record 43200/86313...
2026-01-12 15:51:36,841 - INFO -   Processing record 43300/86313...
2026-01-12 15:51:36,984 - INFO -   Processing record 43400/86313...
2026-01-12 15:51:37,054 - INFO -   Processing record 43500/86313...
2026-01-12 15:51:37,128 - INFO -   Processing record 43600/86313...
2026-01-12 15:51:37,212 - INFO -   Processing record 43700/86313...
2026-01-12 15:51:37,347 - INFO -   Processing record 43800/86313...
2026-01-12 15:51:37,437 - INFO -   Processing record 43900/86313...
2026-01-12 15:51:37,518 - INFO -   Processing record 44000/86313...
2026-01-12 15:51:37,604 - INFO -   Processing record 44100/86313...
2026-01-12 15:51:37,670 - INFO -   Processing record 44200/86313...
2026-01-12 15:51:37,730 - INFO -   Processing record 44300/86313...
2026-01-12 15:51:37,811 - INFO -   Processing record 44400/86313...
2026-01-12 15:51:37,905 - INFO -   Processing record 44500/86313...
2026-01-12 15:51:38,021 - INFO -   Processing record 44600/86313...
2026-01-12 15:51:38,092 - INFO -   Processing record 44700/86313...
2026-01-12 15:51:38,150 - INFO -   Processing record 44800/86313...
2026-01-12 15:51:38,224 - INFO -   Processing record 44900/86313...
2026-01-12 15:51:38,309 - INFO -   Processing record 45000/86313...
2026-01-12 15:51:38,403 - INFO -   Processing record 45100/86313...
2026-01-12 15:51:38,494 - INFO -   Processing record 45200/86313...
2026-01-12 15:51:38,575 - INFO -   Processing record 45300/86313...
2026-01-12 15:51:38,645 - INFO -   Processing record 45400/86313...
2026-01-12 15:51:38,707 - INFO -   Processing record 45500/86313...
2026-01-12 15:51:38,777 - INFO -   Processing record 45600/86313...
2026-01-12 15:51:38,865 - INFO -   Processing record 45700/86313...
2026-01-12 15:51:38,948 - INFO -   Processing record 45800/86313...
2026-01-12 15:51:39,020 - INFO -   Processing record 45900/86313...
2026-01-12 15:51:39,077 - INFO -   Processing record 46000/86313...
2026-01-12 15:51:39,164 - INFO -   Processing record 46100/86313...
2026-01-12 15:51:39,232 - INFO -   Processing record 46200/86313...
2026-01-12 15:51:39,314 - INFO -   Processing record 46300/86313...
2026-01-12 15:51:39,401 - INFO -   Processing record 46400/86313...
2026-01-12 15:51:39,495 - INFO -   Processing record 46500/86313...
2026-01-12 15:51:39,578 - INFO -   Processing record 46600/86313...
2026-01-12 15:51:39,655 - INFO -   Processing record 46700/86313...
2026-01-12 15:51:39,742 - INFO -   Processing record 46800/86313...
2026-01-12 15:51:39,834 - INFO -   Processing record 46900/86313...
2026-01-12 15:51:39,969 - INFO -   Processing record 47000/86313...
2026-01-12 15:51:40,055 - INFO -   Processing record 47100/86313...
2026-01-12 15:51:40,141 - INFO -   Processing record 47200/86313...
2026-01-12 15:51:40,220 - INFO -   Processing record 47300/86313...
2026-01-12 15:51:40,279 - INFO -   Processing record 47400/86313...
2026-01-12 15:51:40,350 - INFO -   Processing record 47500/86313...
2026-01-12 15:51:40,444 - INFO -   Processing record 47600/86313...
2026-01-12 15:51:40,537 - INFO -   Processing record 47700/86313...
2026-01-12 15:51:40,621 - INFO -   Processing record 47800/86313...
2026-01-12 15:51:40,687 - INFO -   Processing record 47900/86313...
2026-01-12 15:51:40,753 - INFO -   Processing record 48000/86313...
2026-01-12 15:51:40,829 - INFO -   Processing record 48100/86313...
2026-01-12 15:51:40,923 - INFO -   Processing record 48200/86313...
2026-01-12 15:51:41,019 - INFO -   Processing record 48300/86313...
2026-01-12 15:51:41,104 - INFO -   Processing record 48400/86313...
2026-01-12 15:51:41,186 - INFO -   Processing record 48500/86313...
2026-01-12 15:51:41,258 - INFO -   Processing record 48600/86313...
2026-01-12 15:51:41,330 - INFO -   Processing record 48700/86313...
2026-01-12 15:51:41,389 - INFO -   Processing record 48800/86313...
2026-01-12 15:51:41,463 - INFO -   Processing record 48900/86313...
2026-01-12 15:51:41,550 - INFO -   Processing record 49000/86313...
2026-01-12 15:51:41,643 - INFO -   Processing record 49100/86313...
2026-01-12 15:51:41,739 - INFO -   Processing record 49200/86313...
2026-01-12 15:51:41,828 - INFO -   Processing record 49300/86313...
2026-01-12 15:51:41,912 - INFO -   Processing record 49400/86313...
2026-01-12 15:51:41,994 - INFO -   Processing record 49500/86313...
2026-01-12 15:51:42,063 - INFO -   Processing record 49600/86313...
2026-01-12 15:51:42,135 - INFO -   Processing record 49700/86313...
2026-01-12 15:51:42,220 - INFO -   Processing record 49800/86313...
2026-01-12 15:51:42,317 - INFO -   Processing record 49900/86313...
2026-01-12 15:51:42,407 - INFO -   Processing record 50000/86313...
2026-01-12 15:51:42,494 - INFO -   Processing record 50100/86313...
2026-01-12 15:51:42,552 - INFO -   Processing record 50200/86313...
2026-01-12 15:51:42,634 - INFO -   Processing record 50300/86313...
2026-01-12 15:51:42,723 - INFO -   Processing record 50400/86313...
2026-01-12 15:51:42,821 - INFO -   Processing record 50500/86313...
2026-01-12 15:51:42,967 - INFO -   Processing record 50600/86313...
2026-01-12 15:51:43,060 - INFO -   Processing record 50700/86313...
2026-01-12 15:51:43,114 - INFO -   Processing record 50800/86313...
2026-01-12 15:51:43,192 - INFO -   Processing record 50900/86313...
2026-01-12 15:51:43,288 - INFO -   Processing record 51000/86313...
2026-01-12 15:51:43,380 - INFO -   Processing record 51100/86313...
2026-01-12 15:51:43,463 - INFO -   Processing record 51200/86313...
2026-01-12 15:51:43,521 - INFO -   Processing record 51300/86313...
2026-01-12 15:51:43,581 - INFO -   Processing record 51400/86313...
2026-01-12 15:51:43,651 - INFO -   Processing record 51500/86313...
2026-01-12 15:51:43,736 - INFO -   Processing record 51600/86313...
2026-01-12 15:51:43,829 - INFO -   Processing record 51700/86313...
2026-01-12 15:51:43,918 - INFO -   Processing record 51800/86313...
2026-01-12 15:51:44,012 - INFO -   Processing record 51900/86313...
2026-01-12 15:51:44,070 - INFO -   Processing record 52000/86313...
2026-01-12 15:51:44,125 - INFO -   Processing record 52100/86313...
2026-01-12 15:51:44,185 - INFO -   Processing record 52200/86313...
2026-01-12 15:51:44,244 - INFO -   Processing record 52300/86313...
2026-01-12 15:51:44,328 - INFO -   Processing record 52400/86313...
2026-01-12 15:51:44,416 - INFO -   Processing record 52500/86313...
2026-01-12 15:51:44,506 - INFO -   Processing record 52600/86313...
2026-01-12 15:51:44,568 - INFO -   Processing record 52700/86313...
2026-01-12 15:51:44,624 - INFO -   Processing record 52800/86313...
2026-01-12 15:51:44,692 - INFO -   Processing record 52900/86313...
2026-01-12 15:51:44,774 - INFO -   Processing record 53000/86313...
2026-01-12 15:51:44,870 - INFO -   Processing record 53100/86313...
2026-01-12 15:51:44,963 - INFO -   Processing record 53200/86313...
2026-01-12 15:51:45,054 - INFO -   Processing record 53300/86313...
2026-01-12 15:51:45,123 - INFO -   Processing record 53400/86313...
2026-01-12 15:51:45,191 - INFO -   Processing record 53500/86313...
2026-01-12 15:51:45,274 - INFO -   Processing record 53600/86313...
2026-01-12 15:51:45,365 - INFO -   Processing record 53700/86313...
2026-01-12 15:51:45,456 - INFO -   Processing record 53800/86313...
2026-01-12 15:51:45,545 - INFO -   Processing record 53900/86313...
2026-01-12 15:51:45,608 - INFO -   Processing record 54000/86313...
2026-01-12 15:51:45,667 - INFO -   Processing record 54100/86313...
2026-01-12 15:51:45,818 - INFO -   Processing record 54200/86313...
2026-01-12 15:51:45,908 - INFO -   Processing record 54300/86313...
2026-01-12 15:51:46,003 - INFO -   Processing record 54400/86313...
2026-01-12 15:51:46,091 - INFO -   Processing record 54500/86313...
2026-01-12 15:51:46,166 - INFO -   Processing record 54600/86313...
2026-01-12 15:51:46,243 - INFO -   Processing record 54700/86313...
2026-01-12 15:51:46,309 - INFO -   Processing record 54800/86313...
2026-01-12 15:51:46,365 - INFO -   Processing record 54900/86313...
2026-01-12 15:51:46,436 - INFO -   Processing record 55000/86313...
2026-01-12 15:51:46,528 - INFO -   Processing record 55100/86313...
2026-01-12 15:51:46,621 - INFO -   Processing record 55200/86313...
2026-01-12 15:51:46,693 - INFO -   Processing record 55300/86313...
2026-01-12 15:51:46,753 - INFO -   Processing record 55400/86313...
2026-01-12 15:51:46,826 - INFO -   Processing record 55500/86313...
2026-01-12 15:51:46,920 - INFO -   Processing record 55600/86313...
2026-01-12 15:51:47,010 - INFO -   Processing record 55700/86313...
2026-01-12 15:51:47,088 - INFO -   Processing record 55800/86313...
2026-01-12 15:51:47,153 - INFO -   Processing record 55900/86313...
2026-01-12 15:51:47,218 - INFO -   Processing record 56000/86313...
2026-01-12 15:51:47,312 - INFO -   Processing record 56100/86313...
2026-01-12 15:51:47,397 - INFO -   Processing record 56200/86313...
2026-01-12 15:51:47,460 - INFO -   Processing record 56300/86313...
2026-01-12 15:51:47,528 - INFO -   Processing record 56400/86313...
2026-01-12 15:51:47,615 - INFO -   Processing record 56500/86313...
2026-01-12 15:51:47,691 - INFO -   Processing record 56600/86313...
2026-01-12 15:51:47,759 - INFO -   Processing record 56700/86313...
2026-01-12 15:51:47,853 - INFO -   Processing record 56800/86313...
2026-01-12 15:51:47,933 - INFO -   Processing record 56900/86313...
2026-01-12 15:51:48,024 - INFO -   Processing record 57000/86313...
2026-01-12 15:51:48,112 - INFO -   Processing record 57100/86313...
2026-01-12 15:51:48,204 - INFO -   Processing record 57200/86313...
2026-01-12 15:51:48,295 - INFO -   Processing record 57300/86313...
2026-01-12 15:51:48,377 - INFO -   Processing record 57400/86313...
2026-01-12 15:51:48,461 - INFO -   Processing record 57500/86313...
2026-01-12 15:51:48,547 - INFO -   Processing record 57600/86313...
2026-01-12 15:51:48,604 - INFO -   Processing record 57700/86313...
2026-01-12 15:51:48,734 - INFO -   Processing record 57800/86313...
2026-01-12 15:51:48,818 - INFO -   Processing record 57900/86313...
2026-01-12 15:51:48,897 - INFO -   Processing record 58000/86313...
2026-01-12 15:51:48,978 - INFO -   Processing record 58100/86313...
2026-01-12 15:51:49,068 - INFO -   Processing record 58200/86313...
2026-01-12 15:51:49,157 - INFO -   Processing record 58300/86313...
2026-01-12 15:51:49,251 - INFO -   Processing record 58400/86313...
2026-01-12 15:51:49,342 - INFO -   Processing record 58500/86313...
2026-01-12 15:51:49,421 - INFO -   Processing record 58600/86313...
2026-01-12 15:51:49,495 - INFO -   Processing record 58700/86313...
2026-01-12 15:51:49,593 - INFO -   Processing record 58800/86313...
2026-01-12 15:51:49,660 - INFO -   Processing record 58900/86313...
2026-01-12 15:51:49,727 - INFO -   Processing record 59000/86313...
2026-01-12 15:51:49,791 - INFO -   Processing record 59100/86313...
2026-01-12 15:51:49,877 - INFO -   Processing record 59200/86313...
2026-01-12 15:51:49,960 - INFO -   Processing record 59300/86313...
2026-01-12 15:51:50,023 - INFO -   Processing record 59400/86313...
2026-01-12 15:51:50,096 - INFO -   Processing record 59500/86313...
2026-01-12 15:51:50,181 - INFO -   Processing record 59600/86313...
2026-01-12 15:51:50,271 - INFO -   Processing record 59700/86313...
2026-01-12 15:51:50,352 - INFO -   Processing record 59800/86313...
2026-01-12 15:51:50,422 - INFO -   Processing record 59900/86313...
2026-01-12 15:51:50,485 - INFO -   Processing record 60000/86313...
2026-01-12 15:51:50,558 - INFO -   Processing record 60100/86313...
2026-01-12 15:51:50,653 - INFO -   Processing record 60200/86313...
2026-01-12 15:51:50,736 - INFO -   Processing record 60300/86313...
2026-01-12 15:51:50,809 - INFO -   Processing record 60400/86313...
2026-01-12 15:51:50,894 - INFO -   Processing record 60500/86313...
2026-01-12 15:51:50,981 - INFO -   Processing record 60600/86313...
2026-01-12 15:51:51,074 - INFO -   Processing record 60700/86313...
2026-01-12 15:51:51,153 - INFO -   Processing record 60800/86313...
2026-01-12 15:51:51,223 - INFO -   Processing record 60900/86313...
2026-01-12 15:51:51,293 - INFO -   Processing record 61000/86313...
2026-01-12 15:51:51,373 - INFO -   Processing record 61100/86313...
2026-01-12 15:51:51,467 - INFO -   Processing record 61200/86313...
2026-01-12 15:51:51,558 - INFO -   Processing record 61300/86313...
2026-01-12 15:51:51,643 - INFO -   Processing record 61400/86313...
2026-01-12 15:51:51,797 - INFO -   Processing record 61500/86313...
2026-01-12 15:51:51,886 - INFO -   Processing record 61600/86313...
2026-01-12 15:51:51,940 - INFO -   Processing record 61700/86313...
2026-01-12 15:51:52,000 - INFO -   Processing record 61800/86313...
2026-01-12 15:51:52,084 - INFO -   Processing record 61900/86313...
2026-01-12 15:51:52,174 - INFO -   Processing record 62000/86313...
2026-01-12 15:51:52,267 - INFO -   Processing record 62100/86313...
2026-01-12 15:51:52,333 - INFO -   Processing record 62200/86313...
2026-01-12 15:51:52,418 - INFO -   Processing record 62300/86313...
2026-01-12 15:51:52,514 - INFO -   Processing record 62400/86313...
2026-01-12 15:51:52,605 - INFO -   Processing record 62500/86313...
2026-01-12 15:51:52,682 - INFO -   Processing record 62600/86313...
2026-01-12 15:51:52,751 - INFO -   Processing record 62700/86313...
2026-01-12 15:51:52,834 - INFO -   Processing record 62800/86313...
2026-01-12 15:51:52,933 - INFO -   Processing record 62900/86313...
2026-01-12 15:51:53,017 - INFO -   Processing record 63000/86313...
2026-01-12 15:51:53,084 - INFO -   Processing record 63100/86313...
2026-01-12 15:51:53,160 - INFO -   Processing record 63200/86313...
2026-01-12 15:51:53,252 - INFO -   Processing record 63300/86313...
2026-01-12 15:51:53,347 - INFO -   Processing record 63400/86313...
2026-01-12 15:51:53,436 - INFO -   Processing record 63500/86313...
2026-01-12 15:51:53,505 - INFO -   Processing record 63600/86313...
2026-01-12 15:51:53,573 - INFO -   Processing record 63700/86313...
2026-01-12 15:51:53,655 - INFO -   Processing record 63800/86313...
2026-01-12 15:51:53,736 - INFO -   Processing record 63900/86313...
2026-01-12 15:51:53,832 - INFO -   Processing record 64000/86313...
2026-01-12 15:51:53,930 - INFO -   Processing record 64100/86313...
2026-01-12 15:51:54,024 - INFO -   Processing record 64200/86313...
2026-01-12 15:51:54,103 - INFO -   Processing record 64300/86313...
2026-01-12 15:51:54,179 - INFO -   Processing record 64400/86313...
2026-01-12 15:51:54,257 - INFO -   Processing record 64500/86313...
2026-01-12 15:51:54,351 - INFO -   Processing record 64600/86313...
2026-01-12 15:51:54,444 - INFO -   Processing record 64700/86313...
2026-01-12 15:51:54,534 - INFO -   Processing record 64800/86313...
2026-01-12 15:51:54,602 - INFO -   Processing record 64900/86313...
2026-01-12 15:51:54,666 - INFO -   Processing record 65000/86313...
2026-01-12 15:51:54,793 - INFO -   Processing record 65100/86313...
2026-01-12 15:51:54,876 - INFO -   Processing record 65200/86313...
2026-01-12 15:51:54,968 - INFO -   Processing record 65300/86313...
2026-01-12 15:51:55,060 - INFO -   Processing record 65400/86313...
2026-01-12 15:51:55,142 - INFO -   Processing record 65500/86313...
2026-01-12 15:51:55,237 - INFO -   Processing record 65600/86313...
2026-01-12 15:51:55,310 - INFO -   Processing record 65700/86313...
2026-01-12 15:51:55,395 - INFO -   Processing record 65800/86313...
2026-01-12 15:51:55,487 - INFO -   Processing record 65900/86313...
2026-01-12 15:51:55,580 - INFO -   Processing record 66000/86313...
2026-01-12 15:51:55,658 - INFO -   Processing record 66100/86313...
2026-01-12 15:51:55,739 - INFO -   Processing record 66200/86313...
2026-01-12 15:51:55,836 - INFO -   Processing record 66300/86313...
2026-01-12 15:51:55,930 - INFO -   Processing record 66400/86313...
2026-01-12 15:51:56,013 - INFO -   Processing record 66500/86313...
2026-01-12 15:51:56,089 - INFO -   Processing record 66600/86313...
2026-01-12 15:51:56,179 - INFO -   Processing record 66700/86313...
2026-01-12 15:51:56,273 - INFO -   Processing record 66800/86313...
2026-01-12 15:51:56,335 - INFO -   Processing record 66900/86313...
2026-01-12 15:51:56,407 - INFO -   Processing record 67000/86313...
2026-01-12 15:51:56,501 - INFO -   Processing record 67100/86313...
2026-01-12 15:51:56,577 - INFO -   Processing record 67200/86313...
2026-01-12 15:51:56,650 - INFO -   Processing record 67300/86313...
2026-01-12 15:51:56,721 - INFO -   Processing record 67400/86313...
2026-01-12 15:51:56,813 - INFO -   Processing record 67500/86313...
2026-01-12 15:51:56,895 - INFO -   Processing record 67600/86313...
2026-01-12 15:51:56,961 - INFO -   Processing record 67700/86313...
2026-01-12 15:51:57,047 - INFO -   Processing record 67800/86313...
2026-01-12 15:51:57,132 - INFO -   Processing record 67900/86313...
2026-01-12 15:51:57,204 - INFO -   Processing record 68000/86313...
2026-01-12 15:51:57,283 - INFO -   Processing record 68100/86313...
2026-01-12 15:51:57,365 - INFO -   Processing record 68200/86313...
2026-01-12 15:51:57,457 - INFO -   Processing record 68300/86313...
2026-01-12 15:51:57,553 - INFO -   Processing record 68400/86313...
2026-01-12 15:51:57,649 - INFO -   Processing record 68500/86313...
2026-01-12 15:51:57,750 - INFO -   Processing record 68600/86313...
2026-01-12 15:51:57,912 - INFO -   Processing record 68700/86313...
2026-01-12 15:51:57,994 - INFO -   Processing record 68800/86313...
2026-01-12 15:51:58,081 - INFO -   Processing record 68900/86313...
2026-01-12 15:51:58,147 - INFO -   Processing record 69000/86313...
2026-01-12 15:51:58,220 - INFO -   Processing record 69100/86313...
2026-01-12 15:51:58,281 - INFO -   Processing record 69200/86313...
2026-01-12 15:51:58,363 - INFO -   Processing record 69300/86313...
2026-01-12 15:51:58,460 - INFO -   Processing record 69400/86313...
2026-01-12 15:51:58,554 - INFO -   Processing record 69500/86313...
2026-01-12 15:51:58,641 - INFO -   Processing record 69600/86313...
2026-01-12 15:51:58,719 - INFO -   Processing record 69700/86313...
2026-01-12 15:51:58,782 - INFO -   Processing record 69800/86313...
2026-01-12 15:51:58,851 - INFO -   Processing record 69900/86313...
2026-01-12 15:51:58,937 - INFO -   Processing record 70000/86313...
2026-01-12 15:51:59,031 - INFO -   Processing record 70100/86313...
2026-01-12 15:51:59,120 - INFO -   Processing record 70200/86313...
2026-01-12 15:51:59,198 - INFO -   Processing record 70300/86313...
2026-01-12 15:51:59,299 - INFO -   Processing record 70400/86313...
2026-01-12 15:51:59,378 - INFO -   Processing record 70500/86313...
2026-01-12 15:51:59,474 - INFO -   Processing record 70600/86313...
2026-01-12 15:51:59,560 - INFO -   Processing record 70700/86313...
2026-01-12 15:51:59,676 - INFO -   Processing record 70800/86313...
2026-01-12 15:51:59,771 - INFO -   Processing record 70900/86313...
2026-01-12 15:51:59,868 - INFO -   Processing record 71000/86313...
2026-01-12 15:51:59,964 - INFO -   Processing record 71100/86313...
2026-01-12 15:52:00,064 - INFO -   Processing record 71200/86313...
2026-01-12 15:52:00,146 - INFO -   Processing record 71300/86313...
2026-01-12 15:52:00,230 - INFO -   Processing record 71400/86313...
2026-01-12 15:52:00,312 - INFO -   Processing record 71500/86313...
2026-01-12 15:52:00,378 - INFO -   Processing record 71600/86313...
2026-01-12 15:52:00,447 - INFO -   Processing record 71700/86313...
2026-01-12 15:52:00,526 - INFO -   Processing record 71800/86313...
2026-01-12 15:52:00,617 - INFO -   Processing record 71900/86313...
2026-01-12 15:52:00,711 - INFO -   Processing record 72000/86313...
2026-01-12 15:52:00,805 - INFO -   Processing record 72100/86313...
2026-01-12 15:52:00,901 - INFO -   Processing record 72200/86313...
2026-01-12 15:52:01,293 - INFO -   Processing record 72300/86313...
2026-01-12 15:52:01,384 - INFO -   Processing record 72400/86313...
2026-01-12 15:52:01,442 - INFO -   Processing record 72500/86313...
2026-01-12 15:52:01,503 - INFO -   Processing record 72600/86313...
2026-01-12 15:52:01,574 - INFO -   Processing record 72700/86313...
2026-01-12 15:52:01,645 - INFO -   Processing record 72800/86313...
2026-01-12 15:52:01,736 - INFO -   Processing record 72900/86313...
2026-01-12 15:52:01,828 - INFO -   Processing record 73000/86313...
2026-01-12 15:52:01,913 - INFO -   Processing record 73100/86313...
2026-01-12 15:52:01,997 - INFO -   Processing record 73200/86313...
2026-01-12 15:52:02,075 - INFO -   Processing record 73300/86313...
2026-01-12 15:52:02,142 - INFO -   Processing record 73400/86313...
2026-01-12 15:52:02,216 - INFO -   Processing record 73500/86313...
2026-01-12 15:52:02,296 - INFO -   Processing record 73600/86313...
2026-01-12 15:52:02,387 - INFO -   Processing record 73700/86313...
2026-01-12 15:52:02,478 - INFO -   Processing record 73800/86313...
2026-01-12 15:52:02,562 - INFO -   Processing record 73900/86313...
2026-01-12 15:52:02,644 - INFO -   Processing record 74000/86313...
2026-01-12 15:52:02,734 - INFO -   Processing record 74100/86313...
2026-01-12 15:52:02,814 - INFO -   Processing record 74200/86313...
2026-01-12 15:52:02,876 - INFO -   Processing record 74300/86313...
2026-01-12 15:52:02,940 - INFO -   Processing record 74400/86313...
2026-01-12 15:52:03,016 - INFO -   Processing record 74500/86313...
2026-01-12 15:52:03,096 - INFO -   Processing record 74600/86313...
2026-01-12 15:52:03,184 - INFO -   Processing record 74700/86313...
2026-01-12 15:52:03,279 - INFO -   Processing record 74800/86313...
2026-01-12 15:52:03,359 - INFO -   Processing record 74900/86313...
2026-01-12 15:52:03,445 - INFO -   Processing record 75000/86313...
2026-01-12 15:52:03,543 - INFO -   Processing record 75100/86313...
2026-01-12 15:52:03,596 - INFO -   Processing record 75200/86313...
2026-01-12 15:52:03,654 - INFO -   Processing record 75300/86313...
2026-01-12 15:52:03,720 - INFO -   Processing record 75400/86313...
2026-01-12 15:52:03,780 - INFO -   Processing record 75500/86313...
2026-01-12 15:52:03,837 - INFO -   Processing record 75600/86313...
2026-01-12 15:52:03,905 - INFO -   Processing record 75700/86313...
2026-01-12 15:52:03,979 - INFO -   Processing record 75800/86313...
2026-01-12 15:52:04,140 - INFO -   Processing record 75900/86313...
2026-01-12 15:52:04,226 - INFO -   Processing record 76000/86313...
2026-01-12 15:52:04,314 - INFO -   Processing record 76100/86313...
2026-01-12 15:52:04,392 - INFO -   Processing record 76200/86313...
2026-01-12 15:52:04,469 - INFO -   Processing record 76300/86313...
2026-01-12 15:52:04,556 - INFO -   Processing record 76400/86313...
2026-01-12 15:52:04,610 - INFO -   Processing record 76500/86313...
2026-01-12 15:52:04,678 - INFO -   Processing record 76600/86313...
2026-01-12 15:52:04,739 - INFO -   Processing record 76700/86313...
2026-01-12 15:52:04,797 - INFO -   Processing record 76800/86313...
2026-01-12 15:52:04,867 - INFO -   Processing record 76900/86313...
2026-01-12 15:52:04,945 - INFO -   Processing record 77000/86313...
2026-01-12 15:52:05,032 - INFO -   Processing record 77100/86313...
2026-01-12 15:52:05,127 - INFO -   Processing record 77200/86313...
2026-01-12 15:52:05,225 - INFO -   Processing record 77300/86313...
2026-01-12 15:52:05,319 - INFO -   Processing record 77400/86313...
2026-01-12 15:52:05,404 - INFO -   Processing record 77500/86313...
2026-01-12 15:52:05,492 - INFO -   Processing record 77600/86313...
2026-01-12 15:52:05,560 - INFO -   Processing record 77700/86313...
2026-01-12 15:52:05,625 - INFO -   Processing record 77800/86313...
2026-01-12 15:52:05,710 - INFO -   Processing record 77900/86313...
2026-01-12 15:52:05,783 - INFO -   Processing record 78000/86313...
2026-01-12 15:52:05,874 - INFO -   Processing record 78100/86313...
2026-01-12 15:52:05,965 - INFO -   Processing record 78200/86313...
2026-01-12 15:52:06,060 - INFO -   Processing record 78300/86313...
2026-01-12 15:52:06,145 - INFO -   Processing record 78400/86313...
2026-01-12 15:52:06,233 - INFO -   Processing record 78500/86313...
2026-01-12 15:52:06,312 - INFO -   Processing record 78600/86313...
2026-01-12 15:52:06,407 - INFO -   Processing record 78700/86313...
2026-01-12 15:52:06,473 - INFO -   Processing record 78800/86313...
2026-01-12 15:52:06,547 - INFO -   Processing record 78900/86313...
2026-01-12 15:52:06,633 - INFO -   Processing record 79000/86313...
2026-01-12 15:52:06,723 - INFO -   Processing record 79100/86313...
2026-01-12 15:52:06,799 - INFO -   Processing record 79200/86313...
2026-01-12 15:52:06,883 - INFO -   Processing record 79300/86313...
2026-01-12 15:52:06,981 - INFO -   Processing record 79400/86313...
2026-01-12 15:52:07,143 - INFO -   Processing record 79500/86313...
2026-01-12 15:52:07,223 - INFO -   Processing record 79600/86313...
2026-01-12 15:52:07,306 - INFO -   Processing record 79700/86313...
2026-01-12 15:52:07,377 - INFO -   Processing record 79800/86313...
2026-01-12 15:52:07,442 - INFO -   Processing record 79900/86313...
2026-01-12 15:52:07,521 - INFO -   Processing record 80000/86313...
2026-01-12 15:52:07,609 - INFO -   Processing record 80100/86313...
2026-01-12 15:52:07,703 - INFO -   Processing record 80200/86313...
2026-01-12 15:52:07,795 - INFO -   Processing record 80300/86313...
2026-01-12 15:52:07,890 - INFO -   Processing record 80400/86313...
2026-01-12 15:52:07,991 - INFO -   Processing record 80500/86313...
2026-01-12 15:52:08,085 - INFO -   Processing record 80600/86313...
2026-01-12 15:52:08,160 - INFO -   Processing record 80700/86313...
2026-01-12 15:52:08,257 - INFO -   Processing record 80800/86313...
2026-01-12 15:52:08,337 - INFO -   Processing record 80900/86313...
2026-01-12 15:52:08,408 - INFO -   Processing record 81000/86313...
2026-01-12 15:52:08,473 - INFO -   Processing record 81100/86313...
2026-01-12 15:52:08,558 - INFO -   Processing record 81200/86313...
2026-01-12 15:52:08,645 - INFO -   Processing record 81300/86313...
2026-01-12 15:52:08,740 - INFO -   Processing record 81400/86313...
2026-01-12 15:52:08,840 - INFO -   Processing record 81500/86313...
2026-01-12 15:52:08,932 - INFO -   Processing record 81600/86313...
2026-01-12 15:52:09,013 - INFO -   Processing record 81700/86313...
2026-01-12 15:52:09,113 - INFO -   Processing record 81800/86313...
2026-01-12 15:52:09,192 - INFO -   Processing record 81900/86313...
2026-01-12 15:52:09,270 - INFO -   Processing record 82000/86313...
2026-01-12 15:52:09,351 - INFO -   Processing record 82100/86313...
2026-01-12 15:52:09,434 - INFO -   Processing record 82200/86313...
2026-01-12 15:52:09,527 - INFO -   Processing record 82300/86313...
2026-01-12 15:52:09,617 - INFO -   Processing record 82400/86313...
2026-01-12 15:52:09,700 - INFO -   Processing record 82500/86313...
2026-01-12 15:52:09,772 - INFO -   Processing record 82600/86313...
2026-01-12 15:52:09,841 - INFO -   Processing record 82700/86313...
2026-01-12 15:52:09,932 - INFO -   Processing record 82800/86313...
2026-01-12 15:52:10,007 - INFO -   Processing record 82900/86313...
2026-01-12 15:52:10,087 - INFO -   Processing record 83000/86313...
2026-01-12 15:52:10,243 - INFO -   Processing record 83100/86313...
2026-01-12 15:52:10,318 - INFO -   Processing record 83200/86313...
2026-01-12 15:52:10,397 - INFO -   Processing record 83300/86313...
2026-01-12 15:52:10,495 - INFO -   Processing record 83400/86313...
2026-01-12 15:52:10,586 - INFO -   Processing record 83500/86313...
2026-01-12 15:52:10,665 - INFO -   Processing record 83600/86313...
2026-01-12 15:52:10,761 - INFO -   Processing record 83700/86313...
2026-01-12 15:52:10,846 - INFO -   Processing record 83800/86313...
2026-01-12 15:52:10,944 - INFO -   Processing record 83900/86313...
2026-01-12 15:52:11,029 - INFO -   Processing record 84000/86313...
2026-01-12 15:52:11,106 - INFO -   Processing record 84100/86313...
2026-01-12 15:52:11,177 - INFO -   Processing record 84200/86313...
2026-01-12 15:52:11,261 - INFO -   Processing record 84300/86313...
2026-01-12 15:52:11,363 - INFO -   Processing record 84400/86313...
2026-01-12 15:52:11,470 - INFO -   Processing record 84500/86313...
2026-01-12 15:52:11,575 - INFO -   Processing record 84600/86313...
2026-01-12 15:52:11,668 - INFO -   Processing record 84700/86313...
2026-01-12 15:52:11,774 - INFO -   Processing record 84800/86313...
2026-01-12 15:52:11,878 - INFO -   Processing record 84900/86313...
2026-01-12 15:52:11,980 - INFO -   Processing record 85000/86313...
2026-01-12 15:52:12,078 - INFO -   Processing record 85100/86313...
2026-01-12 15:52:12,173 - INFO -   Processing record 85200/86313...
2026-01-12 15:52:12,264 - INFO -   Processing record 85300/86313...
2026-01-12 15:52:12,361 - INFO -   Processing record 85400/86313...
2026-01-12 15:52:12,452 - INFO -   Processing record 85500/86313...
2026-01-12 15:52:12,534 - INFO -   Processing record 85600/86313...
2026-01-12 15:52:12,620 - INFO -   Processing record 85700/86313...
2026-01-12 15:52:12,696 - INFO -   Processing record 85800/86313...
2026-01-12 15:52:12,772 - INFO -   Processing record 85900/86313...
2026-01-12 15:52:12,851 - INFO -   Processing record 86000/86313...
2026-01-12 15:52:12,923 - INFO -   Processing record 86100/86313...
2026-01-12 15:52:13,004 - INFO -   Processing record 86200/86313...
2026-01-12 15:52:13,078 - INFO -   Processing record 86300/86313...
2026-01-12 15:52:13,091 - INFO - 
2026-01-12 15:52:13,091 - INFO - ============================================================
2026-01-12 15:52:13,091 - INFO - INGESTION COMPLETE
2026-01-12 15:52:13,091 - INFO - ============================================================
2026-01-12 15:52:13,091 - INFO - Records fetched:              92,258
2026-01-12 15:52:13,091 - INFO - Records processed:            86,313
2026-01-12 15:52:13,091 - INFO - Observed jobs created:        42,668
2026-01-12 15:52:13,091 - INFO - Compensation obs created:     42,668
2026-01-12 15:52:13,091 - INFO - Skipped (no role match):      43,645
2026-01-12 15:52:13,091 - INFO - Errors:                       0
2026-01-12 15:52:13,091 - INFO - 
2026-01-12 15:52:13,091 - INFO - ✓ SUCCESS: PERM visa data loaded into database
2026-01-12 15:52:13,091 - INFO - Match rate: 49.4%
2026-01-12 15:52:13,091 - INFO - 
2026-01-12 15:52:13,091 - INFO - Next steps:
2026-01-12 15:52:13,091 - INFO -   1. Run: python3 check_status.py
2026-01-12 15:52:13,091 - INFO -   2. Query: SELECT * FROM observed_jobs WHERE source_id = (SELECT id FROM sources WHERE name = 'perm_visa');
2026-01-12 15:52:13,091 - INFO -   3. Or use Python: from database import DatabaseManager; db = DatabaseManager(); ...
2026-01-12 15:52:13,151 - INFO - All database connections closed
2026-01-12 15:52:13,151 - INFO - All database connections closed
